22:41:24:015  INFO 13464 --- [main] com.hmall.cart.CartServiceApplication    : Starting CartServiceApplication using Java 17 on zhangkuan with PID 13464 (D:\java\springCloudLearn\newnewnewnewnewnew\hmall\cart-service\target\classes started by kuanzhang in D:\java\springCloudLearn\newnewnewnewnewnew\hmall)
22:41:24:019 DEBUG 13464 --- [main] com.hmall.cart.CartServiceApplication    : Running with Spring Boot v2.7.12, Spring v5.3.27
22:41:24:020  INFO 13464 --- [main] com.hmall.cart.CartServiceApplication    : The following 1 profile is active: "local"
22:41:26:124  INFO 13464 --- [main] .s.d.r.c.RepositoryConfigurationDelegate : Multiple Spring Data modules found, entering strict repository configuration mode
22:41:26:131  INFO 13464 --- [main] .s.d.r.c.RepositoryConfigurationDelegate : Bootstrapping Spring Data Redis repositories in DEFAULT mode.
22:41:26:200  INFO 13464 --- [main] .s.d.r.c.RepositoryConfigurationDelegate : Finished Spring Data repository scanning in 15 ms. Found 0 Redis repository interfaces.
22:41:26:657  INFO 13464 --- [main] o.s.cloud.context.scope.GenericScope     : BeanFactory id=a7f09a0b-eafd-34ab-85f0-abd0d6c7ba2d
22:41:27:504  INFO 13464 --- [main] o.s.b.w.embedded.tomcat.TomcatWebServer  : Tomcat initialized with port(s): 8082 (http)
22:41:27:514  INFO 13464 --- [main] o.apache.catalina.core.StandardService   : Starting service [Tomcat]
22:41:27:514  INFO 13464 --- [main] org.apache.catalina.core.StandardEngine  : Starting Servlet engine: [Apache Tomcat/9.0.75]
22:41:27:701  INFO 13464 --- [main] o.a.c.c.C.[Tomcat].[localhost].[/]       : Initializing Spring embedded WebApplicationContext
22:41:27:702  INFO 13464 --- [main] w.s.c.ServletWebServerApplicationContext : Root WebApplicationContext: initialization completed in 3620 ms
22:41:28:414  INFO 13464 --- [main] o.s.c.openfeign.FeignClientFactoryBean   : For 'item-service' URL not provided. Will try picking an instance via load-balancing.
22:41:30:346  INFO 13464 --- [main] c.a.c.sentinel.SentinelWebMvcConfigurer  : [Sentinel Starter] register SentinelWebInterceptor with urlPatterns: [/**].
22:41:32:220  INFO 13464 --- [main] o.s.cloud.commons.util.InetUtils         : Cannot determine local hostname
22:41:32:402  INFO 13464 --- [main] pertySourcedRequestMappingHandlerMapping : Mapped URL path [/v2/api-docs] onto method [springfox.documentation.swagger2.web.Swagger2ControllerWebMvc#getDocumentation(String, HttpServletRequest)]
22:41:34:340  INFO 13464 --- [main] o.s.cloud.commons.util.InetUtils         : Cannot determine local hostname
22:41:35:303  INFO 13464 --- [main] com.alibaba.nacos.common.remote.client   : [RpcClientFactory] create a new rpc client of cf39cec8-b609-481c-80f5-8482c1f6a8c8
22:41:35:394  INFO 13464 --- [main] org.reflections.Reflections              : Reflections took 54 ms to scan 1 urls, producing 3 keys and 6 values 
22:41:35:436  INFO 13464 --- [main] org.reflections.Reflections              : Reflections took 17 ms to scan 1 urls, producing 4 keys and 9 values 
22:41:35:462  INFO 13464 --- [main] org.reflections.Reflections              : Reflections took 15 ms to scan 1 urls, producing 3 keys and 10 values 
22:41:35:467  WARN 13464 --- [main] org.reflections.Reflections              : given scan urls are empty. set urls in the configuration
22:41:35:476  INFO 13464 --- [main] org.reflections.Reflections              : Reflections took 9 ms to scan 1 urls, producing 1 keys and 5 values 
22:41:35:497  INFO 13464 --- [main] org.reflections.Reflections              : Reflections took 14 ms to scan 1 urls, producing 1 keys and 7 values 
22:41:35:515  INFO 13464 --- [main] org.reflections.Reflections              : Reflections took 15 ms to scan 1 urls, producing 2 keys and 8 values 
22:41:35:517  WARN 13464 --- [main] org.reflections.Reflections              : given scan urls are empty. set urls in the configuration
22:41:35:520  INFO 13464 --- [main] com.alibaba.nacos.common.remote.client   : [cf39cec8-b609-481c-80f5-8482c1f6a8c8] RpcClient init label, labels = {module=naming, source=sdk}
22:41:35:524  INFO 13464 --- [main] com.alibaba.nacos.common.remote.client   : [cf39cec8-b609-481c-80f5-8482c1f6a8c8] RpcClient init, ServerListFactory = com.alibaba.nacos.client.naming.core.ServerListManager
22:41:35:525  INFO 13464 --- [main] com.alibaba.nacos.common.remote.client   : [cf39cec8-b609-481c-80f5-8482c1f6a8c8] Registry connection listener to current client:com.alibaba.nacos.client.naming.remote.gprc.redo.NamingGrpcRedoService
22:41:35:525  INFO 13464 --- [main] com.alibaba.nacos.common.remote.client   : [cf39cec8-b609-481c-80f5-8482c1f6a8c8] Register server push request handler:com.alibaba.nacos.client.naming.remote.gprc.NamingPushRequestHandler
22:41:35:527  INFO 13464 --- [main] com.alibaba.nacos.common.remote.client   : [cf39cec8-b609-481c-80f5-8482c1f6a8c8] Try to connect to server on start up, server: {serverIp = '192.168.100.130', server main port = 8848}
22:41:36:774  INFO 13464 --- [main] com.alibaba.nacos.common.remote.client   : [cf39cec8-b609-481c-80f5-8482c1f6a8c8] Success to connect to server [192.168.100.130:8848] on start up, connectionId = 1755787296783_192.168.100.2_59250
22:41:36:776  INFO 13464 --- [com.alibaba.nacos.client.remote.worker] com.alibaba.nacos.common.remote.client   : [cf39cec8-b609-481c-80f5-8482c1f6a8c8] Notify connected event to listeners.
22:41:36:776  INFO 13464 --- [main] com.alibaba.nacos.common.remote.client   : [cf39cec8-b609-481c-80f5-8482c1f6a8c8] Register server push request handler:com.alibaba.nacos.common.remote.client.RpcClient$ConnectResetRequestHandler
22:41:36:776  INFO 13464 --- [main] com.alibaba.nacos.common.remote.client   : [cf39cec8-b609-481c-80f5-8482c1f6a8c8] Register server push request handler:com.alibaba.nacos.common.remote.client.RpcClient$$Lambda$1257/0x0000000801456418
22:41:36:884  INFO 13464 --- [main] o.s.b.w.embedded.tomcat.TomcatWebServer  : Tomcat started on port(s): 8082 (http) with context path ''
22:41:36:919  INFO 13464 --- [main] c.a.c.n.registry.NacosServiceRegistry    : nacos registry, DEFAULT_GROUP cart-service 192.168.1.7:8082 register finished
22:41:37:480  INFO 13464 --- [nacos-grpc-client-executor-7] com.alibaba.nacos.common.remote.client   : [cf39cec8-b609-481c-80f5-8482c1f6a8c8] Receive server push request, request = NotifySubscriberRequest, requestId = 1
22:41:37:494  INFO 13464 --- [nacos-grpc-client-executor-7] com.alibaba.nacos.common.remote.client   : [cf39cec8-b609-481c-80f5-8482c1f6a8c8] Ack server push request, request = NotifySubscriberRequest, requestId = 1
22:41:38:221  INFO 13464 --- [main] o.s.cloud.commons.util.InetUtils         : Cannot determine local hostname
22:41:38:223  INFO 13464 --- [main] d.s.w.p.DocumentationPluginsBootstrapper : Documentation plugins bootstrapped
22:41:38:229  INFO 13464 --- [main] d.s.w.p.DocumentationPluginsBootstrapper : Found 1 custom documentation plugin(s)
22:41:38:257  INFO 13464 --- [main] s.d.s.w.s.ApiListingReferenceScanner     : Scanning for api listing references
22:41:38:555  INFO 13464 --- [main] com.hmall.cart.CartServiceApplication    : Started CartServiceApplication in 17.116 seconds (JVM running for 18.506)
22:44:01:544  INFO 13464 --- [http-nio-8082-exec-1] o.a.c.c.C.[Tomcat].[localhost].[/]       : Initializing Spring DispatcherServlet 'dispatcherServlet'
22:44:01:544  INFO 13464 --- [http-nio-8082-exec-1] o.s.web.servlet.DispatcherServlet        : Initializing Servlet 'dispatcherServlet'
22:44:01:544  INFO 13464 --- [http-nio-8082-exec-1] o.s.web.servlet.DispatcherServlet        : Completed initialization in 0 ms
22:44:02:085  WARN 13464 --- [http-nio-8082-exec-1] c.b.m.c.t.support.ReflectLambdaMeta      : Unable to make field private final java.lang.Class java.lang.invoke.SerializedLambda.capturingClass accessible: module java.base does not "opens java.lang.invoke" to unnamed module @7817fd62
22:44:02:104  INFO 13464 --- [http-nio-8082-exec-1] com.zaxxer.hikari.HikariDataSource       : HikariPool-1 - Starting...
22:44:02:279  INFO 13464 --- [http-nio-8082-exec-1] com.zaxxer.hikari.HikariDataSource       : HikariPool-1 - Start completed.
22:44:02:285 DEBUG 13464 --- [http-nio-8082-exec-1] c.h.cart.mapper.CartMapper.selectList    : ==>  Preparing: SELECT id,user_id,item_id,num,name,spec,price,image,create_time,update_time FROM cart WHERE (user_id = ?)
22:44:02:300 DEBUG 13464 --- [http-nio-8082-exec-1] c.h.cart.mapper.CartMapper.selectList    : ==> Parameters: 1(Long)
22:44:02:326 DEBUG 13464 --- [http-nio-8082-exec-1] c.h.cart.mapper.CartMapper.selectList    : <==      Total: 0
22:44:13:798 DEBUG 13464 --- [http-nio-8082-exec-2] c.h.cart.mapper.CartMapper.selectCount   : ==>  Preparing: SELECT COUNT( * ) AS total FROM cart WHERE (user_id = ? AND item_id = ?)
22:44:13:798 DEBUG 13464 --- [http-nio-8082-exec-2] c.h.cart.mapper.CartMapper.selectCount   : ==> Parameters: 1(Long), 31393377723(Long)
22:44:13:812 DEBUG 13464 --- [http-nio-8082-exec-2] c.h.cart.mapper.CartMapper.selectCount   : <==      Total: 1
22:44:13:813 DEBUG 13464 --- [http-nio-8082-exec-2] c.h.cart.mapper.CartMapper.selectCount   : ==>  Preparing: SELECT COUNT( * ) AS total FROM cart WHERE (user_id = ?)
22:44:13:814 DEBUG 13464 --- [http-nio-8082-exec-2] c.h.cart.mapper.CartMapper.selectCount   : ==> Parameters: 1(Long)
22:44:13:815 DEBUG 13464 --- [http-nio-8082-exec-2] c.h.cart.mapper.CartMapper.selectCount   : <==      Total: 1
22:44:13:847 DEBUG 13464 --- [http-nio-8082-exec-2] com.hmall.cart.mapper.CartMapper.insert  : ==>  Preparing: INSERT INTO cart ( user_id, item_id, name, price, image ) VALUES ( ?, ?, ?, ?, ? )
22:44:13:848 DEBUG 13464 --- [http-nio-8082-exec-2] com.hmall.cart.mapper.CartMapper.insert  : ==> Parameters: 1(Long), 31393377723(Long), 华为（HUAWEI） P20 Pro 全面屏徕卡三摄游戏手机 极光闪蝶色 全网通8GB+128G（3期免息）(String), 0(Integer), https://m.360buyimg.com/mobilecms/s720x720_jfs/t26443/101/272665766/181628/633c380c/5b8d2417Ne84e5ea5.jpg!q70.jpg.webp(String)
22:44:13:880 DEBUG 13464 --- [http-nio-8082-exec-2] com.hmall.cart.mapper.CartMapper.insert  : <==    Updates: 1
22:44:13:978 DEBUG 13464 --- [http-nio-8082-exec-5] c.h.cart.mapper.CartMapper.selectList    : ==>  Preparing: SELECT id,user_id,item_id,num,name,spec,price,image,create_time,update_time FROM cart WHERE (user_id = ?)
22:44:13:979 DEBUG 13464 --- [http-nio-8082-exec-5] c.h.cart.mapper.CartMapper.selectList    : ==> Parameters: 1(Long)
22:44:13:984 DEBUG 13464 --- [http-nio-8082-exec-5] c.h.cart.mapper.CartMapper.selectList    : <==      Total: 1
22:44:14:609  INFO 13464 --- [nacos-grpc-client-executor-41] com.alibaba.nacos.common.remote.client   : [cf39cec8-b609-481c-80f5-8482c1f6a8c8] Receive server push request, request = NotifySubscriberRequest, requestId = 12
22:44:14:609  INFO 13464 --- [nacos-grpc-client-executor-41] com.alibaba.nacos.common.remote.client   : [cf39cec8-b609-481c-80f5-8482c1f6a8c8] Ack server push request, request = NotifySubscriberRequest, requestId = 12
22:44:37:339 DEBUG 13464 --- [http-nio-8082-exec-3] com.hmall.cart.mapper.CartMapper.delete  : ==>  Preparing: DELETE FROM cart WHERE (user_id = ? AND item_id = ?)
22:44:37:340 DEBUG 13464 --- [http-nio-8082-exec-3] com.hmall.cart.mapper.CartMapper.delete  : ==> Parameters: 1(Long), 31393377723(Long)
22:44:37:348 DEBUG 13464 --- [http-nio-8082-exec-3] com.hmall.cart.mapper.CartMapper.delete  : <==    Updates: 1
22:48:08:210 DEBUG 13464 --- [http-nio-8082-exec-7] c.h.cart.mapper.CartMapper.selectList    : ==>  Preparing: SELECT id,user_id,item_id,num,name,spec,price,image,create_time,update_time FROM cart WHERE (user_id = ?)
22:48:08:211 DEBUG 13464 --- [http-nio-8082-exec-7] c.h.cart.mapper.CartMapper.selectList    : ==> Parameters: 1(Long)
22:48:08:263 DEBUG 13464 --- [http-nio-8082-exec-7] c.h.cart.mapper.CartMapper.selectList    : <==      Total: 0
22:48:14:223 DEBUG 13464 --- [http-nio-8082-exec-9] c.h.cart.mapper.CartMapper.selectCount   : ==>  Preparing: SELECT COUNT( * ) AS total FROM cart WHERE (user_id = ? AND item_id = ?)
22:48:14:223 DEBUG 13464 --- [http-nio-8082-exec-9] c.h.cart.mapper.CartMapper.selectCount   : ==> Parameters: 1(Long), 7465894(Long)
22:48:14:244 DEBUG 13464 --- [http-nio-8082-exec-9] c.h.cart.mapper.CartMapper.selectCount   : <==      Total: 1
22:48:14:244 DEBUG 13464 --- [http-nio-8082-exec-9] c.h.cart.mapper.CartMapper.selectCount   : ==>  Preparing: SELECT COUNT( * ) AS total FROM cart WHERE (user_id = ?)
22:48:14:244 DEBUG 13464 --- [http-nio-8082-exec-9] c.h.cart.mapper.CartMapper.selectCount   : ==> Parameters: 1(Long)
22:48:14:244 DEBUG 13464 --- [http-nio-8082-exec-9] c.h.cart.mapper.CartMapper.selectCount   : <==      Total: 1
22:48:14:244 DEBUG 13464 --- [http-nio-8082-exec-9] com.hmall.cart.mapper.CartMapper.insert  : ==>  Preparing: INSERT INTO cart ( user_id, item_id, name, price, image ) VALUES ( ?, ?, ?, ?, ? )
22:48:14:244 DEBUG 13464 --- [http-nio-8082-exec-9] com.hmall.cart.mapper.CartMapper.insert  : ==> Parameters: 1(Long), 7465894(Long), 小米（MI）小米电视4S 55英寸 曲面 L55M5-AQ 2GB+8GB HDR 4K超高清 蓝牙语音 人工智能语音网络液晶平板电视(String), 171500(Integer), https://m.360buyimg.com/mobilecms/s720x720_jfs/t28639/347/53772617/364533/e080afb9/5be66979N38d99b80.jpg!q70.jpg.webp(String)
22:48:14:340 DEBUG 13464 --- [http-nio-8082-exec-9] com.hmall.cart.mapper.CartMapper.insert  : <==    Updates: 1
22:48:14:380 DEBUG 13464 --- [http-nio-8082-exec-10] c.h.cart.mapper.CartMapper.selectList    : ==>  Preparing: SELECT id,user_id,item_id,num,name,spec,price,image,create_time,update_time FROM cart WHERE (user_id = ?)
22:48:14:380 DEBUG 13464 --- [http-nio-8082-exec-10] c.h.cart.mapper.CartMapper.selectList    : ==> Parameters: 1(Long)
22:48:14:383 DEBUG 13464 --- [http-nio-8082-exec-10] c.h.cart.mapper.CartMapper.selectList    : <==      Total: 1
22:48:52:800 DEBUG 13464 --- [http-nio-8082-exec-4] c.h.cart.mapper.CartMapper.selectCount   : ==>  Preparing: SELECT COUNT( * ) AS total FROM cart WHERE (user_id = ? AND item_id = ?)
22:48:52:800 DEBUG 13464 --- [http-nio-8082-exec-4] c.h.cart.mapper.CartMapper.selectCount   : ==> Parameters: 1(Long), 100002624512(Long)
22:48:52:802 DEBUG 13464 --- [http-nio-8082-exec-4] c.h.cart.mapper.CartMapper.selectCount   : <==      Total: 1
22:48:52:804 DEBUG 13464 --- [http-nio-8082-exec-4] c.h.cart.mapper.CartMapper.selectCount   : ==>  Preparing: SELECT COUNT( * ) AS total FROM cart WHERE (user_id = ?)
22:48:52:804 DEBUG 13464 --- [http-nio-8082-exec-4] c.h.cart.mapper.CartMapper.selectCount   : ==> Parameters: 1(Long)
22:48:52:806 DEBUG 13464 --- [http-nio-8082-exec-4] c.h.cart.mapper.CartMapper.selectCount   : <==      Total: 1
22:48:52:807 DEBUG 13464 --- [http-nio-8082-exec-4] com.hmall.cart.mapper.CartMapper.insert  : ==>  Preparing: INSERT INTO cart ( user_id, item_id, name, price, image ) VALUES ( ?, ?, ?, ?, ? )
22:48:52:807 DEBUG 13464 --- [http-nio-8082-exec-4] com.hmall.cart.mapper.CartMapper.insert  : ==> Parameters: 1(Long), 100002624512(Long), 【千玺代言】华为新品 HUAWEI nova 4 极点全面屏手机 2000万超广角三摄 8GB+128GB 蜜语红 全网通双卡双待(String), 90600(Integer), https://m.360buyimg.com/mobilecms/s720x720_jfs/t1/20085/14/1076/149604/5c0f8dd2Ebafd3bfd/0cb34a7826cbe1c3.jpg!q70.jpg.webp(String)
22:48:52:823 DEBUG 13464 --- [http-nio-8082-exec-4] com.hmall.cart.mapper.CartMapper.insert  : <==    Updates: 1
22:48:52:901 DEBUG 13464 --- [http-nio-8082-exec-6] c.h.cart.mapper.CartMapper.selectList    : ==>  Preparing: SELECT id,user_id,item_id,num,name,spec,price,image,create_time,update_time FROM cart WHERE (user_id = ?)
22:48:52:903 DEBUG 13464 --- [http-nio-8082-exec-6] c.h.cart.mapper.CartMapper.selectList    : ==> Parameters: 1(Long)
22:48:52:927 DEBUG 13464 --- [http-nio-8082-exec-6] c.h.cart.mapper.CartMapper.selectList    : <==      Total: 2
22:49:08:556 DEBUG 13464 --- [http-nio-8082-exec-9] c.h.cart.mapper.CartMapper.deleteById    : ==>  Preparing: DELETE FROM cart WHERE id=?
22:49:08:556 DEBUG 13464 --- [http-nio-8082-exec-9] c.h.cart.mapper.CartMapper.deleteById    : ==> Parameters: 42(Long)
22:49:08:565 DEBUG 13464 --- [http-nio-8082-exec-9] c.h.cart.mapper.CartMapper.deleteById    : <==    Updates: 1
22:49:08:578 DEBUG 13464 --- [http-nio-8082-exec-10] c.h.cart.mapper.CartMapper.selectList    : ==>  Preparing: SELECT id,user_id,item_id,num,name,spec,price,image,create_time,update_time FROM cart WHERE (user_id = ?)
22:49:08:578 DEBUG 13464 --- [http-nio-8082-exec-10] c.h.cart.mapper.CartMapper.selectList    : ==> Parameters: 1(Long)
22:49:08:580 DEBUG 13464 --- [http-nio-8082-exec-10] c.h.cart.mapper.CartMapper.selectList    : <==      Total: 1
22:49:42:700 DEBUG 13464 --- [http-nio-8082-exec-2] c.h.cart.mapper.CartMapper.selectCount   : ==>  Preparing: SELECT COUNT( * ) AS total FROM cart WHERE (user_id = ? AND item_id = ?)
22:49:42:700 DEBUG 13464 --- [http-nio-8082-exec-2] c.h.cart.mapper.CartMapper.selectCount   : ==> Parameters: 1(Long), 14741770661(Long)
22:49:42:706 DEBUG 13464 --- [http-nio-8082-exec-2] c.h.cart.mapper.CartMapper.selectCount   : <==      Total: 1
22:49:42:708 DEBUG 13464 --- [http-nio-8082-exec-2] c.h.cart.mapper.CartMapper.selectCount   : ==>  Preparing: SELECT COUNT( * ) AS total FROM cart WHERE (user_id = ?)
22:49:42:708 DEBUG 13464 --- [http-nio-8082-exec-2] c.h.cart.mapper.CartMapper.selectCount   : ==> Parameters: 1(Long)
22:49:42:713 DEBUG 13464 --- [http-nio-8082-exec-2] c.h.cart.mapper.CartMapper.selectCount   : <==      Total: 1
22:49:42:715 DEBUG 13464 --- [http-nio-8082-exec-2] com.hmall.cart.mapper.CartMapper.insert  : ==>  Preparing: INSERT INTO cart ( user_id, item_id, name, price, image ) VALUES ( ?, ?, ?, ?, ? )
22:49:42:715 DEBUG 13464 --- [http-nio-8082-exec-2] com.hmall.cart.mapper.CartMapper.insert  : ==> Parameters: 1(Long), 14741770661(Long), 康佳（KONKA） LED49UC3 49英寸超薄曲面36核4K HDR人工智能电视(String), 144600(Integer), https://m.360buyimg.com/mobilecms/s720x720_jfs/t16477/84/2032772431/400946/2887be91/5a912776N7e343ec3.jpg!q70.jpg.webp(String)
22:49:42:744 DEBUG 13464 --- [http-nio-8082-exec-2] com.hmall.cart.mapper.CartMapper.insert  : <==    Updates: 1
22:49:42:815 DEBUG 13464 --- [http-nio-8082-exec-5] c.h.cart.mapper.CartMapper.selectList    : ==>  Preparing: SELECT id,user_id,item_id,num,name,spec,price,image,create_time,update_time FROM cart WHERE (user_id = ?)
22:49:42:816 DEBUG 13464 --- [http-nio-8082-exec-5] c.h.cart.mapper.CartMapper.selectList    : ==> Parameters: 1(Long)
22:49:42:832 DEBUG 13464 --- [http-nio-8082-exec-5] c.h.cart.mapper.CartMapper.selectList    : <==      Total: 2
22:53:06:759 DEBUG 13464 --- [http-nio-8082-exec-8] c.h.cart.mapper.CartMapper.deleteById    : ==>  Preparing: DELETE FROM cart WHERE id=?
22:53:06:760 DEBUG 13464 --- [http-nio-8082-exec-8] c.h.cart.mapper.CartMapper.deleteById    : ==> Parameters: 43(Long)
22:53:06:780 DEBUG 13464 --- [http-nio-8082-exec-8] c.h.cart.mapper.CartMapper.deleteById    : <==    Updates: 1
22:53:06:793 DEBUG 13464 --- [http-nio-8082-exec-1] c.h.cart.mapper.CartMapper.selectList    : ==>  Preparing: SELECT id,user_id,item_id,num,name,spec,price,image,create_time,update_time FROM cart WHERE (user_id = ?)
22:53:06:794 DEBUG 13464 --- [http-nio-8082-exec-1] c.h.cart.mapper.CartMapper.selectList    : ==> Parameters: 1(Long)
22:53:06:798 DEBUG 13464 --- [http-nio-8082-exec-1] c.h.cart.mapper.CartMapper.selectList    : <==      Total: 1
23:01:40:960 DEBUG 13464 --- [http-nio-8082-exec-9] c.h.cart.mapper.CartMapper.selectCount   : ==>  Preparing: SELECT COUNT( * ) AS total FROM cart WHERE (user_id = ? AND item_id = ?)
23:01:40:960 DEBUG 13464 --- [http-nio-8082-exec-9] c.h.cart.mapper.CartMapper.selectCount   : ==> Parameters: 1(Long), 31908367000(Long)
23:01:41:000 DEBUG 13464 --- [http-nio-8082-exec-9] c.h.cart.mapper.CartMapper.selectCount   : <==      Total: 1
23:01:41:000 DEBUG 13464 --- [http-nio-8082-exec-9] c.h.cart.mapper.CartMapper.selectCount   : ==>  Preparing: SELECT COUNT( * ) AS total FROM cart WHERE (user_id = ?)
23:01:41:000 DEBUG 13464 --- [http-nio-8082-exec-9] c.h.cart.mapper.CartMapper.selectCount   : ==> Parameters: 1(Long)
23:01:41:013 DEBUG 13464 --- [http-nio-8082-exec-9] c.h.cart.mapper.CartMapper.selectCount   : <==      Total: 1
23:01:41:013 DEBUG 13464 --- [http-nio-8082-exec-9] com.hmall.cart.mapper.CartMapper.insert  : ==>  Preparing: INSERT INTO cart ( user_id, item_id, name, price, image ) VALUES ( ?, ?, ?, ?, ? )
23:01:41:013 DEBUG 13464 --- [http-nio-8082-exec-9] com.hmall.cart.mapper.CartMapper.insert  : ==> Parameters: 1(Long), 31908367000(Long), 小米（MI） 小米8 游戏手机 曜石黑(屏幕指纹版) 全网通 6G+64G(String), 400(Integer), https://m.360buyimg.com/mobilecms/s720x720_jfs/t1/3968/10/6917/259724/5ba46336E2bb1f694/c481fb637c183480.jpg!q70.jpg.webp(String)
23:01:41:050 DEBUG 13464 --- [http-nio-8082-exec-9] com.hmall.cart.mapper.CartMapper.insert  : <==    Updates: 1
23:01:41:163 DEBUG 13464 --- [http-nio-8082-exec-10] c.h.cart.mapper.CartMapper.selectList    : ==>  Preparing: SELECT id,user_id,item_id,num,name,spec,price,image,create_time,update_time FROM cart WHERE (user_id = ?)
23:01:41:163 DEBUG 13464 --- [http-nio-8082-exec-10] c.h.cart.mapper.CartMapper.selectList    : ==> Parameters: 1(Long)
23:01:41:166 DEBUG 13464 --- [http-nio-8082-exec-10] c.h.cart.mapper.CartMapper.selectList    : <==      Total: 2
23:01:47:692 DEBUG 13464 --- [http-nio-8082-exec-1] c.h.cart.mapper.CartMapper.deleteById    : ==>  Preparing: DELETE FROM cart WHERE id=?
23:01:47:692 DEBUG 13464 --- [http-nio-8082-exec-1] c.h.cart.mapper.CartMapper.deleteById    : ==> Parameters: 41(Long)
23:01:47:696 DEBUG 13464 --- [http-nio-8082-exec-1] c.h.cart.mapper.CartMapper.deleteById    : <==    Updates: 1
23:01:47:706 DEBUG 13464 --- [http-nio-8082-exec-2] c.h.cart.mapper.CartMapper.selectList    : ==>  Preparing: SELECT id,user_id,item_id,num,name,spec,price,image,create_time,update_time FROM cart WHERE (user_id = ?)
23:01:47:706 DEBUG 13464 --- [http-nio-8082-exec-2] c.h.cart.mapper.CartMapper.selectList    : ==> Parameters: 1(Long)
23:01:47:710 DEBUG 13464 --- [http-nio-8082-exec-2] c.h.cart.mapper.CartMapper.selectList    : <==      Total: 1
23:08:39:736 DEBUG 13464 --- [http-nio-8082-exec-6] c.h.cart.mapper.CartMapper.selectCount   : ==>  Preparing: SELECT COUNT( * ) AS total FROM cart WHERE (user_id = ? AND item_id = ?)
23:08:39:736 DEBUG 13464 --- [http-nio-8082-exec-6] c.h.cart.mapper.CartMapper.selectCount   : ==> Parameters: 1(Long), 32368401066(Long)
23:08:39:750 DEBUG 13464 --- [http-nio-8082-exec-6] c.h.cart.mapper.CartMapper.selectCount   : <==      Total: 1
23:08:39:751 DEBUG 13464 --- [http-nio-8082-exec-6] c.h.cart.mapper.CartMapper.selectCount   : ==>  Preparing: SELECT COUNT( * ) AS total FROM cart WHERE (user_id = ?)
23:08:39:752 DEBUG 13464 --- [http-nio-8082-exec-6] c.h.cart.mapper.CartMapper.selectCount   : ==> Parameters: 1(Long)
23:08:39:753 DEBUG 13464 --- [http-nio-8082-exec-6] c.h.cart.mapper.CartMapper.selectCount   : <==      Total: 1
23:08:39:753 DEBUG 13464 --- [http-nio-8082-exec-6] com.hmall.cart.mapper.CartMapper.insert  : ==>  Preparing: INSERT INTO cart ( user_id, item_id, name, price, image ) VALUES ( ?, ?, ?, ?, ? )
23:08:39:754 DEBUG 13464 --- [http-nio-8082-exec-6] com.hmall.cart.mapper.CartMapper.insert  : ==> Parameters: 1(Long), 32368401066(Long), OPPO R17【已降400元+6期免息+私人订制】屏下指纹 拍照游戏手机 全网通 流光蓝（6G+128G） 超值套装(String), 1500(Integer), https://m.360buyimg.com/mobilecms/s720x720_jfs/t1/5159/2/2020/203563/5b95ccabE22f2c561/c9f7b59e1ef2ecec.jpg!q70.jpg.webp(String)
23:08:39:779 DEBUG 13464 --- [http-nio-8082-exec-6] com.hmall.cart.mapper.CartMapper.insert  : <==    Updates: 1
23:08:39:863 DEBUG 13464 --- [http-nio-8082-exec-7] c.h.cart.mapper.CartMapper.selectList    : ==>  Preparing: SELECT id,user_id,item_id,num,name,spec,price,image,create_time,update_time FROM cart WHERE (user_id = ?)
23:08:39:863 DEBUG 13464 --- [http-nio-8082-exec-7] c.h.cart.mapper.CartMapper.selectList    : ==> Parameters: 1(Long)
23:08:39:865 DEBUG 13464 --- [http-nio-8082-exec-7] c.h.cart.mapper.CartMapper.selectList    : <==      Total: 2
23:08:52:348 DEBUG 13464 --- [http-nio-8082-exec-10] c.h.cart.mapper.CartMapper.deleteById    : ==>  Preparing: DELETE FROM cart WHERE id=?
23:08:52:348 DEBUG 13464 --- [http-nio-8082-exec-10] c.h.cart.mapper.CartMapper.deleteById    : ==> Parameters: 44(Long)
23:08:52:359 DEBUG 13464 --- [http-nio-8082-exec-10] c.h.cart.mapper.CartMapper.deleteById    : <==    Updates: 1
23:08:52:369 DEBUG 13464 --- [http-nio-8082-exec-8] c.h.cart.mapper.CartMapper.selectList    : ==>  Preparing: SELECT id,user_id,item_id,num,name,spec,price,image,create_time,update_time FROM cart WHERE (user_id = ?)
23:08:52:369 DEBUG 13464 --- [http-nio-8082-exec-8] c.h.cart.mapper.CartMapper.selectList    : ==> Parameters: 1(Long)
23:08:52:369 DEBUG 13464 --- [http-nio-8082-exec-8] c.h.cart.mapper.CartMapper.selectList    : <==      Total: 1
23:09:00:329 DEBUG 13464 --- [http-nio-8082-exec-1] com.hmall.cart.mapper.CartMapper.delete  : ==>  Preparing: DELETE FROM cart WHERE (user_id = ? AND item_id = ?)
23:09:00:329 DEBUG 13464 --- [http-nio-8082-exec-1] com.hmall.cart.mapper.CartMapper.delete  : ==> Parameters: 1(Long), 32368401066(Long)
23:09:00:334 DEBUG 13464 --- [http-nio-8082-exec-1] com.hmall.cart.mapper.CartMapper.delete  : <==    Updates: 1
23:10:17:901 DEBUG 13464 --- [http-nio-8082-exec-3] c.h.cart.mapper.CartMapper.selectList    : ==>  Preparing: SELECT id,user_id,item_id,num,name,spec,price,image,create_time,update_time FROM cart WHERE (user_id = ?)
23:10:17:901 DEBUG 13464 --- [http-nio-8082-exec-3] c.h.cart.mapper.CartMapper.selectList    : ==> Parameters: 1(Long)
23:10:17:902 DEBUG 13464 --- [http-nio-8082-exec-3] c.h.cart.mapper.CartMapper.selectList    : <==      Total: 0
23:11:01:898 DEBUG 13464 --- [http-nio-8082-exec-6] c.h.cart.mapper.CartMapper.selectCount   : ==>  Preparing: SELECT COUNT( * ) AS total FROM cart WHERE (user_id = ? AND item_id = ?)
23:11:01:908 DEBUG 13464 --- [http-nio-8082-exec-6] c.h.cart.mapper.CartMapper.selectCount   : ==> Parameters: 1(Long), 33200962936(Long)
23:11:01:908 DEBUG 13464 --- [http-nio-8082-exec-6] c.h.cart.mapper.CartMapper.selectCount   : <==      Total: 1
23:11:01:908 DEBUG 13464 --- [http-nio-8082-exec-6] c.h.cart.mapper.CartMapper.selectCount   : ==>  Preparing: SELECT COUNT( * ) AS total FROM cart WHERE (user_id = ?)
23:11:01:908 DEBUG 13464 --- [http-nio-8082-exec-6] c.h.cart.mapper.CartMapper.selectCount   : ==> Parameters: 1(Long)
23:11:01:912 DEBUG 13464 --- [http-nio-8082-exec-6] c.h.cart.mapper.CartMapper.selectCount   : <==      Total: 1
23:11:01:912 DEBUG 13464 --- [http-nio-8082-exec-6] com.hmall.cart.mapper.CartMapper.insert  : ==>  Preparing: INSERT INTO cart ( user_id, item_id, name, price, image ) VALUES ( ?, ?, ?, ?, ? )
23:11:01:912 DEBUG 13464 --- [http-nio-8082-exec-6] com.hmall.cart.mapper.CartMapper.insert  : ==> Parameters: 1(Long), 33200962936(Long), 华为（HUAWEI） 荣耀 畅玩7X手机 铂光金 全网通(4G+32G)(String), 200(Integer), https://m.360buyimg.com/mobilecms/s720x720_jfs/t1/19526/31/2145/387777/5c19d1f0E63f6dad7/fa7b5d5cf6c47b72.jpg!q70.jpg.webp(String)
23:11:01:916 DEBUG 13464 --- [http-nio-8082-exec-6] com.hmall.cart.mapper.CartMapper.insert  : <==    Updates: 1
23:11:01:985 DEBUG 13464 --- [http-nio-8082-exec-7] c.h.cart.mapper.CartMapper.selectList    : ==>  Preparing: SELECT id,user_id,item_id,num,name,spec,price,image,create_time,update_time FROM cart WHERE (user_id = ?)
23:11:01:985 DEBUG 13464 --- [http-nio-8082-exec-7] c.h.cart.mapper.CartMapper.selectList    : ==> Parameters: 1(Long)
23:11:01:987 DEBUG 13464 --- [http-nio-8082-exec-7] c.h.cart.mapper.CartMapper.selectList    : <==      Total: 1
23:11:17:210 DEBUG 13464 --- [http-nio-8082-exec-10] c.h.cart.mapper.CartMapper.selectCount   : ==>  Preparing: SELECT COUNT( * ) AS total FROM cart WHERE (user_id = ? AND item_id = ?)
23:11:17:210 DEBUG 13464 --- [http-nio-8082-exec-10] c.h.cart.mapper.CartMapper.selectCount   : ==> Parameters: 1(Long), 28756072326(Long)
23:11:17:212 DEBUG 13464 --- [http-nio-8082-exec-10] c.h.cart.mapper.CartMapper.selectCount   : <==      Total: 1
23:11:17:212 DEBUG 13464 --- [http-nio-8082-exec-10] c.h.cart.mapper.CartMapper.selectCount   : ==>  Preparing: SELECT COUNT( * ) AS total FROM cart WHERE (user_id = ?)
23:11:17:212 DEBUG 13464 --- [http-nio-8082-exec-10] c.h.cart.mapper.CartMapper.selectCount   : ==> Parameters: 1(Long)
23:11:17:228 DEBUG 13464 --- [http-nio-8082-exec-10] c.h.cart.mapper.CartMapper.selectCount   : <==      Total: 1
23:11:17:228 DEBUG 13464 --- [http-nio-8082-exec-10] com.hmall.cart.mapper.CartMapper.insert  : ==>  Preparing: INSERT INTO cart ( user_id, item_id, name, price, image ) VALUES ( ?, ?, ?, ?, ? )
23:11:17:228 DEBUG 13464 --- [http-nio-8082-exec-10] com.hmall.cart.mapper.CartMapper.insert  : ==> Parameters: 1(Long), 28756072326(Long), 小米（MI） 小米8 手机 蓝色 全网通(6G + 256G) + 碎屏险服务(String), 500(Integer), https://m.360buyimg.com/mobilecms/s720x720_jfs/t24106/346/863971443/127379/b54a738b/5b46c03aN0a41ee65.jpg!q70.jpg.webp(String)
23:11:17:238 DEBUG 13464 --- [http-nio-8082-exec-10] com.hmall.cart.mapper.CartMapper.insert  : <==    Updates: 1
23:11:17:295 DEBUG 13464 --- [http-nio-8082-exec-8] c.h.cart.mapper.CartMapper.selectList    : ==>  Preparing: SELECT id,user_id,item_id,num,name,spec,price,image,create_time,update_time FROM cart WHERE (user_id = ?)
23:11:17:295 DEBUG 13464 --- [http-nio-8082-exec-8] c.h.cart.mapper.CartMapper.selectList    : ==> Parameters: 1(Long)
23:11:17:299 DEBUG 13464 --- [http-nio-8082-exec-8] c.h.cart.mapper.CartMapper.selectList    : <==      Total: 2
23:11:29:876 DEBUG 13464 --- [http-nio-8082-exec-2] com.hmall.cart.mapper.CartMapper.delete  : ==>  Preparing: DELETE FROM cart WHERE (user_id = ? AND item_id = ?)
23:11:29:877 DEBUG 13464 --- [http-nio-8082-exec-2] com.hmall.cart.mapper.CartMapper.delete  : ==> Parameters: 1(Long), 28756072326(Long)
23:11:29:879 DEBUG 13464 --- [http-nio-8082-exec-2] com.hmall.cart.mapper.CartMapper.delete  : <==    Updates: 1
23:11:29:887 DEBUG 13464 --- [http-nio-8082-exec-5] com.hmall.cart.mapper.CartMapper.delete  : ==>  Preparing: DELETE FROM cart WHERE (user_id = ? AND item_id = ?)
23:11:29:888 DEBUG 13464 --- [http-nio-8082-exec-5] com.hmall.cart.mapper.CartMapper.delete  : ==> Parameters: 1(Long), 33200962936(Long)
23:11:29:892 DEBUG 13464 --- [http-nio-8082-exec-5] com.hmall.cart.mapper.CartMapper.delete  : <==    Updates: 1
23:12:36:648  WARN 13464 --- [Thread-4] c.a.nacos.common.notify.NotifyCenter     : [NotifyCenter] Start destroying Publisher
23:12:36:648  WARN 13464 --- [Thread-4] c.a.nacos.common.notify.NotifyCenter     : [NotifyCenter] Destruction of the end
23:12:36:648  WARN 13464 --- [Thread-7] c.a.n.common.http.HttpClientBeanHolder   : [HttpClientBeanHolder] Start destroying common HttpClient
23:12:36:648  WARN 13464 --- [Thread-7] c.a.n.common.http.HttpClientBeanHolder   : [HttpClientBeanHolder] Destruction of the end
23:12:36:688  INFO 13464 --- [SpringApplicationShutdownHook] c.a.c.n.registry.NacosServiceRegistry    : De-registering from Nacos Server now...
23:12:36:688  INFO 13464 --- [SpringApplicationShutdownHook] c.a.c.n.registry.NacosServiceRegistry    : De-registration finished.
23:12:37:025  INFO 13464 --- [SpringApplicationShutdownHook] com.alibaba.nacos.common.remote.client   : Shutdown rpc client, set status to shutdown
23:12:37:025  INFO 13464 --- [SpringApplicationShutdownHook] com.alibaba.nacos.common.remote.client   : Shutdown client event executor java.util.concurrent.ScheduledThreadPoolExecutor@38e3a045[Running, pool size = 2, active threads = 2, queued tasks = 0, completed tasks = 0]
23:12:37:025  INFO 13464 --- [SpringApplicationShutdownHook] com.alibaba.nacos.common.remote.client   : Close current connection 1755787296783_192.168.100.2_59250
23:12:37:028  INFO 13464 --- [nacos-grpc-client-executor-411] c.a.n.c.remote.client.grpc.GrpcClient    : [1755787296783_192.168.100.2_59250]Ignore complete event,isRunning:false,isAbandon=false
23:12:37:028  INFO 13464 --- [SpringApplicationShutdownHook] c.a.n.c.remote.client.grpc.GrpcClient    : Shutdown grpc executor java.util.concurrent.ThreadPoolExecutor@17468fe3[Running, pool size = 4, active threads = 0, queued tasks = 0, completed tasks = 412]
23:12:37:034  INFO 13464 --- [SpringApplicationShutdownHook] com.zaxxer.hikari.HikariDataSource       : HikariPool-1 - Shutdown initiated...
23:12:37:065  INFO 13464 --- [SpringApplicationShutdownHook] com.zaxxer.hikari.HikariDataSource       : HikariPool-1 - Shutdown completed.
