22:41:52:518  INFO 19948 --- [main] c.h.research.researchServiceApplication  : Starting researchServiceApplication using Java 17 on zhangkuan with PID 19948 (D:\java\springCloudLearn\newnewnewnewnewnew\hmall\research-service\target\classes started by kuanzhang in D:\java\springCloudLearn\newnewnewnewnewnew\hmall)
22:41:52:523  INFO 19948 --- [main] c.h.research.researchServiceApplication  : The following 1 profile is active: "dev"
22:41:53:590  WARN 19948 --- [main] o.m.s.mapper.ClassPathMapperScanner      : No MyBatis mapper was found in '[com.hmall.research]' package. Please check your configuration.
22:41:53:657  INFO 19948 --- [main] o.s.cloud.context.scope.GenericScope     : BeanFactory id=4a4573f0-a06b-369c-a818-2d6342dec9c8
22:41:54:054  INFO 19948 --- [main] o.s.b.w.embedded.tomcat.TomcatWebServer  : Tomcat initialized with port(s): 8086 (http)
22:41:54:064  INFO 19948 --- [main] o.apache.catalina.core.StandardService   : Starting service [Tomcat]
22:41:54:064  INFO 19948 --- [main] org.apache.catalina.core.StandardEngine  : Starting Servlet engine: [Apache Tomcat/9.0.75]
22:41:54:176  INFO 19948 --- [main] o.a.c.c.C.[Tomcat].[localhost].[/]       : Initializing Spring embedded WebApplicationContext
22:41:54:176  INFO 19948 --- [main] w.s.c.ServletWebServerApplicationContext : Root WebApplicationContext: initialization completed in 1593 ms
22:41:54:803  INFO 19948 --- [main] c.a.c.sentinel.SentinelWebMvcConfigurer  : [Sentinel Starter] register SentinelWebInterceptor with urlPatterns: [/**].
22:41:56:213  INFO 19948 --- [main] o.s.cloud.commons.util.InetUtils         : Cannot determine local hostname
22:41:56:405  INFO 19948 --- [main] pertySourcedRequestMappingHandlerMapping : Mapped URL path [/v2/api-docs] onto method [springfox.documentation.swagger2.web.Swagger2ControllerWebMvc#getDocumentation(String, HttpServletRequest)]
22:41:57:848  INFO 19948 --- [main] o.s.cloud.commons.util.InetUtils         : Cannot determine local hostname
22:41:58:012  INFO 19948 --- [main] com.alibaba.nacos.common.remote.client   : [RpcClientFactory] create a new rpc client of 7e024fe3-6d7c-4f9d-aebc-b104eaae567e
22:41:58:051  INFO 19948 --- [main] org.reflections.Reflections              : Reflections took 22 ms to scan 1 urls, producing 3 keys and 6 values 
22:41:58:077  INFO 19948 --- [main] org.reflections.Reflections              : Reflections took 9 ms to scan 1 urls, producing 4 keys and 9 values 
22:41:58:087  INFO 19948 --- [main] org.reflections.Reflections              : Reflections took 8 ms to scan 1 urls, producing 3 keys and 10 values 
22:41:58:089  WARN 19948 --- [main] org.reflections.Reflections              : given scan urls are empty. set urls in the configuration
22:41:58:095  INFO 19948 --- [main] org.reflections.Reflections              : Reflections took 6 ms to scan 1 urls, producing 1 keys and 5 values 
22:41:58:109  INFO 19948 --- [main] org.reflections.Reflections              : Reflections took 12 ms to scan 1 urls, producing 1 keys and 7 values 
22:41:58:118  INFO 19948 --- [main] org.reflections.Reflections              : Reflections took 7 ms to scan 1 urls, producing 2 keys and 8 values 
22:41:58:120  WARN 19948 --- [main] org.reflections.Reflections              : given scan urls are empty. set urls in the configuration
22:41:58:122  INFO 19948 --- [main] com.alibaba.nacos.common.remote.client   : [7e024fe3-6d7c-4f9d-aebc-b104eaae567e] RpcClient init label, labels = {module=naming, source=sdk}
22:41:58:124  INFO 19948 --- [main] com.alibaba.nacos.common.remote.client   : [7e024fe3-6d7c-4f9d-aebc-b104eaae567e] RpcClient init, ServerListFactory = com.alibaba.nacos.client.naming.core.ServerListManager
22:41:58:124  INFO 19948 --- [main] com.alibaba.nacos.common.remote.client   : [7e024fe3-6d7c-4f9d-aebc-b104eaae567e] Registry connection listener to current client:com.alibaba.nacos.client.naming.remote.gprc.redo.NamingGrpcRedoService
22:41:58:124  INFO 19948 --- [main] com.alibaba.nacos.common.remote.client   : [7e024fe3-6d7c-4f9d-aebc-b104eaae567e] Register server push request handler:com.alibaba.nacos.client.naming.remote.gprc.NamingPushRequestHandler
22:41:58:126  INFO 19948 --- [main] com.alibaba.nacos.common.remote.client   : [7e024fe3-6d7c-4f9d-aebc-b104eaae567e] Try to connect to server on start up, server: {serverIp = '192.168.100.130', server main port = 8848}
22:41:58:930  INFO 19948 --- [main] com.alibaba.nacos.common.remote.client   : [7e024fe3-6d7c-4f9d-aebc-b104eaae567e] Success to connect to server [192.168.100.130:8848] on start up, connectionId = 1755787318999_192.168.100.2_59343
22:41:58:930  INFO 19948 --- [com.alibaba.nacos.client.remote.worker] com.alibaba.nacos.common.remote.client   : [7e024fe3-6d7c-4f9d-aebc-b104eaae567e] Notify connected event to listeners.
22:41:58:931  INFO 19948 --- [main] com.alibaba.nacos.common.remote.client   : [7e024fe3-6d7c-4f9d-aebc-b104eaae567e] Register server push request handler:com.alibaba.nacos.common.remote.client.RpcClient$ConnectResetRequestHandler
22:41:58:931  INFO 19948 --- [main] com.alibaba.nacos.common.remote.client   : [7e024fe3-6d7c-4f9d-aebc-b104eaae567e] Register server push request handler:com.alibaba.nacos.common.remote.client.RpcClient$$Lambda$1206/0x0000000801362c78
22:41:58:981  INFO 19948 --- [main] o.s.b.w.embedded.tomcat.TomcatWebServer  : Tomcat started on port(s): 8086 (http) with context path ''
22:41:58:992  INFO 19948 --- [main] c.a.c.n.registry.NacosServiceRegistry    : nacos registry, DEFAULT_GROUP research-service 192.168.1.7:8086 register finished
22:41:59:536  INFO 19948 --- [nacos-grpc-client-executor-9] com.alibaba.nacos.common.remote.client   : [7e024fe3-6d7c-4f9d-aebc-b104eaae567e] Receive server push request, request = NotifySubscriberRequest, requestId = 7
22:41:59:544  INFO 19948 --- [nacos-grpc-client-executor-9] com.alibaba.nacos.common.remote.client   : [7e024fe3-6d7c-4f9d-aebc-b104eaae567e] Ack server push request, request = NotifySubscriberRequest, requestId = 7
22:42:00:095  INFO 19948 --- [main] o.s.cloud.commons.util.InetUtils         : Cannot determine local hostname
22:42:00:095  INFO 19948 --- [main] d.s.w.p.DocumentationPluginsBootstrapper : Documentation plugins bootstrapped
22:42:00:098  INFO 19948 --- [main] d.s.w.p.DocumentationPluginsBootstrapper : Found 1 custom documentation plugin(s)
22:42:00:114  INFO 19948 --- [main] s.d.s.w.s.ApiListingReferenceScanner     : Scanning for api listing references
22:42:00:216  INFO 19948 --- [main] c.h.research.researchServiceApplication  : Started researchServiceApplication in 9.547 seconds (JVM running for 10.593)
22:44:04:294  INFO 19948 --- [http-nio-8086-exec-1] o.a.c.c.C.[Tomcat].[localhost].[/]       : Initializing Spring DispatcherServlet 'dispatcherServlet'
22:44:04:298  INFO 19948 --- [http-nio-8086-exec-1] o.s.web.servlet.DispatcherServlet        : Initializing Servlet 'dispatcherServlet'
22:44:04:298  INFO 19948 --- [http-nio-8086-exec-1] o.s.web.servlet.DispatcherServlet        : Completed initialization in 0 ms
23:12:37:235  WARN 19948 --- [Thread-4] c.a.nacos.common.notify.NotifyCenter     : [NotifyCenter] Start destroying Publisher
23:12:37:235  WARN 19948 --- [Thread-4] c.a.nacos.common.notify.NotifyCenter     : [NotifyCenter] Destruction of the end
23:12:37:235  WARN 19948 --- [Thread-7] c.a.n.common.http.HttpClientBeanHolder   : [HttpClientBeanHolder] Start destroying common HttpClient
23:12:37:235  WARN 19948 --- [Thread-7] c.a.n.common.http.HttpClientBeanHolder   : [HttpClientBeanHolder] Destruction of the end
23:12:37:278  INFO 19948 --- [SpringApplicationShutdownHook] c.a.c.n.registry.NacosServiceRegistry    : De-registering from Nacos Server now...
23:12:37:278  INFO 19948 --- [SpringApplicationShutdownHook] c.a.c.n.registry.NacosServiceRegistry    : De-registration finished.
23:12:37:601  INFO 19948 --- [SpringApplicationShutdownHook] com.alibaba.nacos.common.remote.client   : Shutdown rpc client, set status to shutdown
23:12:37:601  INFO 19948 --- [SpringApplicationShutdownHook] com.alibaba.nacos.common.remote.client   : Shutdown client event executor java.util.concurrent.ScheduledThreadPoolExecutor@b6a5ff4[Running, pool size = 2, active threads = 2, queued tasks = 0, completed tasks = 0]
23:12:37:601  INFO 19948 --- [SpringApplicationShutdownHook] com.alibaba.nacos.common.remote.client   : Close current connection 1755787318999_192.168.100.2_59343
23:12:37:601  INFO 19948 --- [nacos-grpc-client-executor-421] c.a.n.c.remote.client.grpc.GrpcClient    : [1755787318999_192.168.100.2_59343]Ignore complete event,isRunning:false,isAbandon=false
23:12:37:601  INFO 19948 --- [SpringApplicationShutdownHook] c.a.n.c.remote.client.grpc.GrpcClient    : Shutdown grpc executor java.util.concurrent.ThreadPoolExecutor@388637c9[Running, pool size = 5, active threads = 0, queued tasks = 0, completed tasks = 422]
