22:41:41:213  INFO 19060 --- [main] com.hmall.item.ItemServiceApplication    : Starting ItemServiceApplication using Java 17 on zhangkuan with PID 19060 (D:\java\springCloudLearn\newnewnewnewnewnew\hmall\item-service\target\classes started by kuanzhang in D:\java\springCloudLearn\newnewnewnewnewnew\hmall)
22:41:41:219 DEBUG 19060 --- [main] com.hmall.item.ItemServiceApplication    : Running with Spring Boot v2.7.12, Spring v5.3.27
22:41:41:219  INFO 19060 --- [main] com.hmall.item.ItemServiceApplication    : The following 1 profile is active: "local"
22:41:43:006  INFO 19060 --- [main] o.s.cloud.context.scope.GenericScope     : BeanFactory id=49b1580b-690a-3ed9-8019-d1c82ad4dc04
22:41:44:469  INFO 19060 --- [main] o.s.b.w.embedded.tomcat.TomcatWebServer  : Tomcat initialized with port(s): 8081 (http)
22:41:44:488  INFO 19060 --- [main] o.apache.catalina.core.StandardService   : Starting service [Tomcat]
22:41:44:489  INFO 19060 --- [main] org.apache.catalina.core.StandardEngine  : Starting Servlet engine: [Apache Tomcat/9.0.75]
22:41:44:732  INFO 19060 --- [main] o.a.c.c.C.[Tomcat].[localhost].[/]       : Initializing Spring embedded WebApplicationContext
22:41:44:732  INFO 19060 --- [main] w.s.c.ServletWebServerApplicationContext : Root WebApplicationContext: initialization completed in 3422 ms
22:41:45:870  INFO 19060 --- [main] o.s.c.openfeign.FeignClientFactoryBean   : For 'research-service' URL not provided. Will try picking an instance via load-balancing.
22:41:46:321  INFO 19060 --- [main] c.a.c.sentinel.SentinelWebMvcConfigurer  : [Sentinel Starter] register SentinelWebInterceptor with urlPatterns: [/**].
22:41:48:268  INFO 19060 --- [main] o.s.cloud.commons.util.InetUtils         : Cannot determine local hostname
22:41:48:322  INFO 19060 --- [main] pertySourcedRequestMappingHandlerMapping : Mapped URL path [/v2/api-docs] onto method [springfox.documentation.swagger2.web.Swagger2ControllerWebMvc#getDocumentation(String, HttpServletRequest)]
22:41:50:548  INFO 19060 --- [main] o.s.cloud.commons.util.InetUtils         : Cannot determine local hostname
22:41:50:992  INFO 19060 --- [main] com.alibaba.nacos.common.remote.client   : [RpcClientFactory] create a new rpc client of b8d84619-850a-4b09-b701-356123ae2e3a
22:41:51:036  INFO 19060 --- [main] org.reflections.Reflections              : Reflections took 28 ms to scan 1 urls, producing 3 keys and 6 values 
22:41:51:066  INFO 19060 --- [main] org.reflections.Reflections              : Reflections took 11 ms to scan 1 urls, producing 4 keys and 9 values 
22:41:51:081  INFO 19060 --- [main] org.reflections.Reflections              : Reflections took 11 ms to scan 1 urls, producing 3 keys and 10 values 
22:41:51:085  WARN 19060 --- [main] org.reflections.Reflections              : given scan urls are empty. set urls in the configuration
22:41:51:106  INFO 19060 --- [main] org.reflections.Reflections              : Reflections took 20 ms to scan 1 urls, producing 1 keys and 5 values 
22:41:51:123  INFO 19060 --- [main] org.reflections.Reflections              : Reflections took 15 ms to scan 1 urls, producing 1 keys and 7 values 
22:41:51:134  INFO 19060 --- [main] org.reflections.Reflections              : Reflections took 8 ms to scan 1 urls, producing 2 keys and 8 values 
22:41:51:137  WARN 19060 --- [main] org.reflections.Reflections              : given scan urls are empty. set urls in the configuration
22:41:51:138  INFO 19060 --- [main] com.alibaba.nacos.common.remote.client   : [b8d84619-850a-4b09-b701-356123ae2e3a] RpcClient init label, labels = {module=naming, source=sdk}
22:41:51:140  INFO 19060 --- [main] com.alibaba.nacos.common.remote.client   : [b8d84619-850a-4b09-b701-356123ae2e3a] RpcClient init, ServerListFactory = com.alibaba.nacos.client.naming.core.ServerListManager
22:41:51:140  INFO 19060 --- [main] com.alibaba.nacos.common.remote.client   : [b8d84619-850a-4b09-b701-356123ae2e3a] Registry connection listener to current client:com.alibaba.nacos.client.naming.remote.gprc.redo.NamingGrpcRedoService
22:41:51:140  INFO 19060 --- [main] com.alibaba.nacos.common.remote.client   : [b8d84619-850a-4b09-b701-356123ae2e3a] Register server push request handler:com.alibaba.nacos.client.naming.remote.gprc.NamingPushRequestHandler
22:41:51:143  INFO 19060 --- [main] com.alibaba.nacos.common.remote.client   : [b8d84619-850a-4b09-b701-356123ae2e3a] Try to connect to server on start up, server: {serverIp = '192.168.100.130', server main port = 8848}
22:41:51:910  INFO 19060 --- [main] com.alibaba.nacos.common.remote.client   : [b8d84619-850a-4b09-b701-356123ae2e3a] Success to connect to server [192.168.100.130:8848] on start up, connectionId = 1755787311954_192.168.100.2_59333
22:41:51:910  INFO 19060 --- [com.alibaba.nacos.client.remote.worker] com.alibaba.nacos.common.remote.client   : [b8d84619-850a-4b09-b701-356123ae2e3a] Notify connected event to listeners.
22:41:51:911  INFO 19060 --- [main] com.alibaba.nacos.common.remote.client   : [b8d84619-850a-4b09-b701-356123ae2e3a] Register server push request handler:com.alibaba.nacos.common.remote.client.RpcClient$ConnectResetRequestHandler
22:41:51:911  INFO 19060 --- [main] com.alibaba.nacos.common.remote.client   : [b8d84619-850a-4b09-b701-356123ae2e3a] Register server push request handler:com.alibaba.nacos.common.remote.client.RpcClient$$Lambda$1335/0x0000000801421cf8
22:41:51:995  INFO 19060 --- [main] o.s.b.w.embedded.tomcat.TomcatWebServer  : Tomcat started on port(s): 8081 (http) with context path ''
22:41:52:007  INFO 19060 --- [main] c.a.c.n.registry.NacosServiceRegistry    : nacos registry, DEFAULT_GROUP item-service 192.168.1.7:8081 register finished
22:41:52:519  INFO 19060 --- [nacos-grpc-client-executor-8] com.alibaba.nacos.common.remote.client   : [b8d84619-850a-4b09-b701-356123ae2e3a] Receive server push request, request = NotifySubscriberRequest, requestId = 5
22:41:52:539  INFO 19060 --- [nacos-grpc-client-executor-8] com.alibaba.nacos.common.remote.client   : [b8d84619-850a-4b09-b701-356123ae2e3a] Ack server push request, request = NotifySubscriberRequest, requestId = 5
22:41:53:153  INFO 19060 --- [main] o.s.cloud.commons.util.InetUtils         : Cannot determine local hostname
22:41:53:154  INFO 19060 --- [main] d.s.w.p.DocumentationPluginsBootstrapper : Documentation plugins bootstrapped
22:41:53:158  INFO 19060 --- [main] d.s.w.p.DocumentationPluginsBootstrapper : Found 1 custom documentation plugin(s)
22:41:53:184  INFO 19060 --- [main] s.d.s.w.s.ApiListingReferenceScanner     : Scanning for api listing references
22:41:53:355  INFO 19060 --- [main] com.hmall.item.ItemServiceApplication    : Started ItemServiceApplication in 14.574 seconds (JVM running for 15.772)
22:44:14:154  INFO 19060 --- [http-nio-8081-exec-1] o.a.c.c.C.[Tomcat].[localhost].[/]       : Initializing Spring DispatcherServlet 'dispatcherServlet'
22:44:14:154  INFO 19060 --- [http-nio-8081-exec-1] o.s.web.servlet.DispatcherServlet        : Initializing Servlet 'dispatcherServlet'
22:44:14:155  INFO 19060 --- [http-nio-8081-exec-1] o.s.web.servlet.DispatcherServlet        : Completed initialization in 1 ms
22:44:14:311  INFO 19060 --- [http-nio-8081-exec-1] com.zaxxer.hikari.HikariDataSource       : HikariPool-1 - Starting...
22:44:14:479  INFO 19060 --- [http-nio-8081-exec-1] com.zaxxer.hikari.HikariDataSource       : HikariPool-1 - Start completed.
22:44:14:483 DEBUG 19060 --- [http-nio-8081-exec-1] c.h.i.mapper.ItemMapper.selectBatchIds   : ==>  Preparing: SELECT id,name,price,stock,image,category,brand,spec,sold,comment_count,isAD,status,create_time,update_time,creater,updater FROM item WHERE id IN ( ? )
22:44:14:504 DEBUG 19060 --- [http-nio-8081-exec-1] c.h.i.mapper.ItemMapper.selectBatchIds   : ==> Parameters: 31393377723(Long)
22:44:14:555 DEBUG 19060 --- [http-nio-8081-exec-1] c.h.i.mapper.ItemMapper.selectBatchIds   : <==      Total: 1
22:44:18:024 DEBUG 19060 --- [http-nio-8081-exec-2] c.h.i.mapper.ItemMapper.selectBatchIds   : ==>  Preparing: SELECT id,name,price,stock,image,category,brand,spec,sold,comment_count,isAD,status,create_time,update_time,creater,updater FROM item WHERE id IN ( ? )
22:44:18:024 DEBUG 19060 --- [http-nio-8081-exec-2] c.h.i.mapper.ItemMapper.selectBatchIds   : ==> Parameters: 31393377723(Long)
22:44:18:029 DEBUG 19060 --- [http-nio-8081-exec-2] c.h.i.mapper.ItemMapper.selectBatchIds   : <==      Total: 1
22:44:18:225  WARN 19060 --- [http-nio-8081-exec-5] c.h.item.service.impl.ItemServiceImpl    : SqlSession [org.apache.ibatis.session.defaults.DefaultSqlSession@57b5bbc9] Transaction not enabled
22:44:18:225 DEBUG 19060 --- [http-nio-8081-exec-5] c.h.item.mapper.ItemMapper.updateStock   : ==>  Preparing: UPDATE item SET stock = stock - ? WHERE id = ?
22:44:18:226 DEBUG 19060 --- [http-nio-8081-exec-5] c.h.item.mapper.ItemMapper.updateStock   : ==> Parameters: 1(Integer), 31393377723(Long)
22:44:18:249 DEBUG 19060 --- [http-nio-8081-exec-5] c.h.item.mapper.ItemMapper.selectById    : ==>  Preparing: SELECT id,name,price,stock,image,category,brand,spec,sold,comment_count,isAD,status,create_time,update_time,creater,updater FROM item WHERE id=?
22:44:18:249 DEBUG 19060 --- [http-nio-8081-exec-5] c.h.item.mapper.ItemMapper.selectById    : ==> Parameters: 31393377723(Long)
22:44:18:254 DEBUG 19060 --- [http-nio-8081-exec-5] c.h.item.mapper.ItemMapper.selectById    : <==      Total: 1
22:44:18:926  INFO 19060 --- [nacos-grpc-client-executor-40] com.alibaba.nacos.common.remote.client   : [b8d84619-850a-4b09-b701-356123ae2e3a] Receive server push request, request = NotifySubscriberRequest, requestId = 15
22:44:18:926  INFO 19060 --- [nacos-grpc-client-executor-40] com.alibaba.nacos.common.remote.client   : [b8d84619-850a-4b09-b701-356123ae2e3a] Ack server push request, request = NotifySubscriberRequest, requestId = 15
22:44:34:373 DEBUG 19060 --- [http-nio-8081-exec-6] c.h.i.mapper.ItemMapper.selectBatchIds   : ==>  Preparing: SELECT id,name,price,stock,image,category,brand,spec,sold,comment_count,isAD,status,create_time,update_time,creater,updater FROM item WHERE id IN ( ? )
22:44:34:374 DEBUG 19060 --- [http-nio-8081-exec-6] c.h.i.mapper.ItemMapper.selectBatchIds   : ==> Parameters: 31393377723(Long)
22:44:34:378 DEBUG 19060 --- [http-nio-8081-exec-6] c.h.i.mapper.ItemMapper.selectBatchIds   : <==      Total: 1
22:44:34:417  WARN 19060 --- [http-nio-8081-exec-9] c.h.item.service.impl.ItemServiceImpl    : SqlSession [org.apache.ibatis.session.defaults.DefaultSqlSession@1adb0a2c] Transaction not enabled
22:44:34:417 DEBUG 19060 --- [http-nio-8081-exec-9] c.h.item.mapper.ItemMapper.updateStock   : ==>  Preparing: UPDATE item SET stock = stock - ? WHERE id = ?
22:44:34:417 DEBUG 19060 --- [http-nio-8081-exec-9] c.h.item.mapper.ItemMapper.updateStock   : ==> Parameters: 1(Integer), 31393377723(Long)
22:44:34:421 DEBUG 19060 --- [http-nio-8081-exec-9] c.h.item.mapper.ItemMapper.selectById    : ==>  Preparing: SELECT id,name,price,stock,image,category,brand,spec,sold,comment_count,isAD,status,create_time,update_time,creater,updater FROM item WHERE id=?
22:44:34:421 DEBUG 19060 --- [http-nio-8081-exec-9] c.h.item.mapper.ItemMapper.selectById    : ==> Parameters: 31393377723(Long)
22:44:34:422 DEBUG 19060 --- [http-nio-8081-exec-9] c.h.item.mapper.ItemMapper.selectById    : <==      Total: 1
22:46:19:773  WARN 19060 --- [http-nio-8081-exec-4] c.b.m.c.t.support.ReflectLambdaMeta      : Unable to make field private final java.lang.Class java.lang.invoke.SerializedLambda.capturingClass accessible: module java.base does not "opens java.lang.invoke" to unnamed module @37ceb1df
22:46:19:773 DEBUG 19060 --- [http-nio-8081-exec-4] com.hmall.item.mapper.ItemMapper.update  : ==>  Preparing: UPDATE item SET stock = stock + 1 WHERE (id = ?)
22:46:19:783 DEBUG 19060 --- [http-nio-8081-exec-4] com.hmall.item.mapper.ItemMapper.update  : ==> Parameters: 31393377723(Long)
22:46:19:789 DEBUG 19060 --- [http-nio-8081-exec-4] com.hmall.item.mapper.ItemMapper.update  : <==    Updates: 1
22:46:19:789 DEBUG 19060 --- [http-nio-8081-exec-4] c.h.item.mapper.ItemMapper.selectById    : ==>  Preparing: SELECT id,name,price,stock,image,category,brand,spec,sold,comment_count,isAD,status,create_time,update_time,creater,updater FROM item WHERE id=?
22:46:19:789 DEBUG 19060 --- [http-nio-8081-exec-4] c.h.item.mapper.ItemMapper.selectById    : ==> Parameters: 31393377723(Long)
22:46:19:793 DEBUG 19060 --- [http-nio-8081-exec-4] c.h.item.mapper.ItemMapper.selectById    : <==      Total: 1
22:48:14:400 DEBUG 19060 --- [http-nio-8081-exec-8] c.h.i.mapper.ItemMapper.selectBatchIds   : ==>  Preparing: SELECT id,name,price,stock,image,category,brand,spec,sold,comment_count,isAD,status,create_time,update_time,creater,updater FROM item WHERE id IN ( ? )
22:48:14:401 DEBUG 19060 --- [http-nio-8081-exec-8] c.h.i.mapper.ItemMapper.selectBatchIds   : ==> Parameters: 7465894(Long)
22:48:14:409 DEBUG 19060 --- [http-nio-8081-exec-8] c.h.i.mapper.ItemMapper.selectBatchIds   : <==      Total: 1
22:48:52:934 DEBUG 19060 --- [http-nio-8081-exec-1] c.h.i.mapper.ItemMapper.selectBatchIds   : ==>  Preparing: SELECT id,name,price,stock,image,category,brand,spec,sold,comment_count,isAD,status,create_time,update_time,creater,updater FROM item WHERE id IN ( ? , ? )
22:48:52:935 DEBUG 19060 --- [http-nio-8081-exec-1] c.h.i.mapper.ItemMapper.selectBatchIds   : ==> Parameters: 7465894(Long), 100002624512(Long)
22:48:52:944 DEBUG 19060 --- [http-nio-8081-exec-1] c.h.i.mapper.ItemMapper.selectBatchIds   : <==      Total: 2
22:49:08:587 DEBUG 19060 --- [http-nio-8081-exec-2] c.h.i.mapper.ItemMapper.selectBatchIds   : ==>  Preparing: SELECT id,name,price,stock,image,category,brand,spec,sold,comment_count,isAD,status,create_time,update_time,creater,updater FROM item WHERE id IN ( ? )
22:49:08:587 DEBUG 19060 --- [http-nio-8081-exec-2] c.h.i.mapper.ItemMapper.selectBatchIds   : ==> Parameters: 7465894(Long)
22:49:08:590 DEBUG 19060 --- [http-nio-8081-exec-2] c.h.i.mapper.ItemMapper.selectBatchIds   : <==      Total: 1
22:49:42:838 DEBUG 19060 --- [http-nio-8081-exec-5] c.h.i.mapper.ItemMapper.selectBatchIds   : ==>  Preparing: SELECT id,name,price,stock,image,category,brand,spec,sold,comment_count,isAD,status,create_time,update_time,creater,updater FROM item WHERE id IN ( ? , ? )
22:49:42:838 DEBUG 19060 --- [http-nio-8081-exec-5] c.h.i.mapper.ItemMapper.selectBatchIds   : ==> Parameters: 7465894(Long), 14741770661(Long)
22:49:42:843 DEBUG 19060 --- [http-nio-8081-exec-5] c.h.i.mapper.ItemMapper.selectBatchIds   : <==      Total: 2
22:53:06:806 DEBUG 19060 --- [http-nio-8081-exec-9] c.h.i.mapper.ItemMapper.selectBatchIds   : ==>  Preparing: SELECT id,name,price,stock,image,category,brand,spec,sold,comment_count,isAD,status,create_time,update_time,creater,updater FROM item WHERE id IN ( ? )
22:53:06:807 DEBUG 19060 --- [http-nio-8081-exec-9] c.h.i.mapper.ItemMapper.selectBatchIds   : ==> Parameters: 7465894(Long)
22:53:06:810 DEBUG 19060 --- [http-nio-8081-exec-9] c.h.i.mapper.ItemMapper.selectBatchIds   : <==      Total: 1
22:53:10:842 DEBUG 19060 --- [http-nio-8081-exec-10] c.h.i.mapper.ItemMapper.selectBatchIds   : ==>  Preparing: SELECT id,name,price,stock,image,category,brand,spec,sold,comment_count,isAD,status,create_time,update_time,creater,updater FROM item WHERE id IN ( ? )
22:53:10:842 DEBUG 19060 --- [http-nio-8081-exec-10] c.h.i.mapper.ItemMapper.selectBatchIds   : ==> Parameters: 7465894(Long)
22:53:10:852 DEBUG 19060 --- [http-nio-8081-exec-10] c.h.i.mapper.ItemMapper.selectBatchIds   : <==      Total: 1
22:53:10:984  WARN 19060 --- [http-nio-8081-exec-3] c.h.item.service.impl.ItemServiceImpl    : SqlSession [org.apache.ibatis.session.defaults.DefaultSqlSession@130e3c67] Transaction not enabled
22:53:10:984 DEBUG 19060 --- [http-nio-8081-exec-3] c.h.item.mapper.ItemMapper.updateStock   : ==>  Preparing: UPDATE item SET stock = stock - ? WHERE id = ?
22:53:10:984 DEBUG 19060 --- [http-nio-8081-exec-3] c.h.item.mapper.ItemMapper.updateStock   : ==> Parameters: 1(Integer), 7465894(Long)
22:53:10:992 DEBUG 19060 --- [http-nio-8081-exec-3] c.h.item.mapper.ItemMapper.selectById    : ==>  Preparing: SELECT id,name,price,stock,image,category,brand,spec,sold,comment_count,isAD,status,create_time,update_time,creater,updater FROM item WHERE id=?
22:53:10:992 DEBUG 19060 --- [http-nio-8081-exec-3] c.h.item.mapper.ItemMapper.selectById    : ==> Parameters: 7465894(Long)
22:53:10:992 DEBUG 19060 --- [http-nio-8081-exec-3] c.h.item.mapper.ItemMapper.selectById    : <==      Total: 1
22:55:15:557 DEBUG 19060 --- [http-nio-8081-exec-8] c.h.i.mapper.ItemMapper.selectBatchIds   : ==>  Preparing: SELECT id,name,price,stock,image,category,brand,spec,sold,comment_count,isAD,status,create_time,update_time,creater,updater FROM item WHERE id IN ( ? )
22:55:15:558 DEBUG 19060 --- [http-nio-8081-exec-8] c.h.i.mapper.ItemMapper.selectBatchIds   : ==> Parameters: 7465894(Long)
22:55:15:563 DEBUG 19060 --- [http-nio-8081-exec-8] c.h.i.mapper.ItemMapper.selectBatchIds   : <==      Total: 1
22:55:15:689  WARN 19060 --- [http-nio-8081-exec-1] c.h.item.service.impl.ItemServiceImpl    : SqlSession [org.apache.ibatis.session.defaults.DefaultSqlSession@e3d50d5] Transaction not enabled
22:55:15:689 DEBUG 19060 --- [http-nio-8081-exec-1] c.h.item.mapper.ItemMapper.updateStock   : ==>  Preparing: UPDATE item SET stock = stock - ? WHERE id = ?
22:55:15:689 DEBUG 19060 --- [http-nio-8081-exec-1] c.h.item.mapper.ItemMapper.updateStock   : ==> Parameters: 1(Integer), 7465894(Long)
22:55:15:711 DEBUG 19060 --- [http-nio-8081-exec-1] c.h.item.mapper.ItemMapper.selectById    : ==>  Preparing: SELECT id,name,price,stock,image,category,brand,spec,sold,comment_count,isAD,status,create_time,update_time,creater,updater FROM item WHERE id=?
22:55:15:711 DEBUG 19060 --- [http-nio-8081-exec-1] c.h.item.mapper.ItemMapper.selectById    : ==> Parameters: 7465894(Long)
22:55:15:716 DEBUG 19060 --- [http-nio-8081-exec-1] c.h.item.mapper.ItemMapper.selectById    : <==      Total: 1
23:01:41:178 DEBUG 19060 --- [http-nio-8081-exec-5] c.h.i.mapper.ItemMapper.selectBatchIds   : ==>  Preparing: SELECT id,name,price,stock,image,category,brand,spec,sold,comment_count,isAD,status,create_time,update_time,creater,updater FROM item WHERE id IN ( ? , ? )
23:01:41:182 DEBUG 19060 --- [http-nio-8081-exec-5] c.h.i.mapper.ItemMapper.selectBatchIds   : ==> Parameters: 7465894(Long), 31908367000(Long)
23:01:41:188 DEBUG 19060 --- [http-nio-8081-exec-5] c.h.i.mapper.ItemMapper.selectBatchIds   : <==      Total: 2
23:01:47:714 DEBUG 19060 --- [http-nio-8081-exec-6] c.h.i.mapper.ItemMapper.selectBatchIds   : ==>  Preparing: SELECT id,name,price,stock,image,category,brand,spec,sold,comment_count,isAD,status,create_time,update_time,creater,updater FROM item WHERE id IN ( ? )
23:01:47:714 DEBUG 19060 --- [http-nio-8081-exec-6] c.h.i.mapper.ItemMapper.selectBatchIds   : ==> Parameters: 31908367000(Long)
23:01:47:716 DEBUG 19060 --- [http-nio-8081-exec-6] c.h.i.mapper.ItemMapper.selectBatchIds   : <==      Total: 1
23:01:56:847 DEBUG 19060 --- [http-nio-8081-exec-9] c.h.i.mapper.ItemMapper.selectBatchIds   : ==>  Preparing: SELECT id,name,price,stock,image,category,brand,spec,sold,comment_count,isAD,status,create_time,update_time,creater,updater FROM item WHERE id IN ( ? )
23:01:56:848 DEBUG 19060 --- [http-nio-8081-exec-9] c.h.i.mapper.ItemMapper.selectBatchIds   : ==> Parameters: 31908367000(Long)
23:01:56:849 DEBUG 19060 --- [http-nio-8081-exec-9] c.h.i.mapper.ItemMapper.selectBatchIds   : <==      Total: 1
23:01:56:870  WARN 19060 --- [http-nio-8081-exec-10] c.h.item.service.impl.ItemServiceImpl    : SqlSession [org.apache.ibatis.session.defaults.DefaultSqlSession@681df594] Transaction not enabled
23:01:56:870 DEBUG 19060 --- [http-nio-8081-exec-10] c.h.item.mapper.ItemMapper.updateStock   : ==>  Preparing: UPDATE item SET stock = stock - ? WHERE id = ?
23:01:56:870 DEBUG 19060 --- [http-nio-8081-exec-10] c.h.item.mapper.ItemMapper.updateStock   : ==> Parameters: 1(Integer), 31908367000(Long)
23:01:56:880 DEBUG 19060 --- [http-nio-8081-exec-10] c.h.item.mapper.ItemMapper.selectById    : ==>  Preparing: SELECT id,name,price,stock,image,category,brand,spec,sold,comment_count,isAD,status,create_time,update_time,creater,updater FROM item WHERE id=?
23:01:56:880 DEBUG 19060 --- [http-nio-8081-exec-10] c.h.item.mapper.ItemMapper.selectById    : ==> Parameters: 31908367000(Long)
23:01:56:880 DEBUG 19060 --- [http-nio-8081-exec-10] c.h.item.mapper.ItemMapper.selectById    : <==      Total: 1
23:08:39:872 DEBUG 19060 --- [http-nio-8081-exec-7] c.h.i.mapper.ItemMapper.selectBatchIds   : ==>  Preparing: SELECT id,name,price,stock,image,category,brand,spec,sold,comment_count,isAD,status,create_time,update_time,creater,updater FROM item WHERE id IN ( ? , ? )
23:08:39:873 DEBUG 19060 --- [http-nio-8081-exec-7] c.h.i.mapper.ItemMapper.selectBatchIds   : ==> Parameters: 32368401066(Long), 31908367000(Long)
23:08:39:876 DEBUG 19060 --- [http-nio-8081-exec-7] c.h.i.mapper.ItemMapper.selectBatchIds   : <==      Total: 2
23:08:52:369 DEBUG 19060 --- [http-nio-8081-exec-8] c.h.i.mapper.ItemMapper.selectBatchIds   : ==>  Preparing: SELECT id,name,price,stock,image,category,brand,spec,sold,comment_count,isAD,status,create_time,update_time,creater,updater FROM item WHERE id IN ( ? )
23:08:52:369 DEBUG 19060 --- [http-nio-8081-exec-8] c.h.i.mapper.ItemMapper.selectBatchIds   : ==> Parameters: 32368401066(Long)
23:08:52:369 DEBUG 19060 --- [http-nio-8081-exec-8] c.h.i.mapper.ItemMapper.selectBatchIds   : <==      Total: 1
23:08:57:346 DEBUG 19060 --- [http-nio-8081-exec-1] c.h.i.mapper.ItemMapper.selectBatchIds   : ==>  Preparing: SELECT id,name,price,stock,image,category,brand,spec,sold,comment_count,isAD,status,create_time,update_time,creater,updater FROM item WHERE id IN ( ? )
23:08:57:346 DEBUG 19060 --- [http-nio-8081-exec-1] c.h.i.mapper.ItemMapper.selectBatchIds   : ==> Parameters: 32368401066(Long)
23:08:57:347 DEBUG 19060 --- [http-nio-8081-exec-1] c.h.i.mapper.ItemMapper.selectBatchIds   : <==      Total: 1
23:08:57:470  WARN 19060 --- [http-nio-8081-exec-2] c.h.item.service.impl.ItemServiceImpl    : SqlSession [org.apache.ibatis.session.defaults.DefaultSqlSession@6bece8ac] Transaction not enabled
23:08:57:470 DEBUG 19060 --- [http-nio-8081-exec-2] c.h.item.mapper.ItemMapper.updateStock   : ==>  Preparing: UPDATE item SET stock = stock - ? WHERE id = ?
23:08:57:473 DEBUG 19060 --- [http-nio-8081-exec-2] c.h.item.mapper.ItemMapper.updateStock   : ==> Parameters: 1(Integer), 32368401066(Long)
23:08:57:495 DEBUG 19060 --- [http-nio-8081-exec-2] c.h.item.mapper.ItemMapper.selectById    : ==>  Preparing: SELECT id,name,price,stock,image,category,brand,spec,sold,comment_count,isAD,status,create_time,update_time,creater,updater FROM item WHERE id=?
23:08:57:495 DEBUG 19060 --- [http-nio-8081-exec-2] c.h.item.mapper.ItemMapper.selectById    : ==> Parameters: 32368401066(Long)
23:08:57:498 DEBUG 19060 --- [http-nio-8081-exec-2] c.h.item.mapper.ItemMapper.selectById    : <==      Total: 1
23:11:01:995 DEBUG 19060 --- [http-nio-8081-exec-9] c.h.i.mapper.ItemMapper.selectBatchIds   : ==>  Preparing: SELECT id,name,price,stock,image,category,brand,spec,sold,comment_count,isAD,status,create_time,update_time,creater,updater FROM item WHERE id IN ( ? )
23:11:01:995 DEBUG 19060 --- [http-nio-8081-exec-9] c.h.i.mapper.ItemMapper.selectBatchIds   : ==> Parameters: 33200962936(Long)
23:11:01:999 DEBUG 19060 --- [http-nio-8081-exec-9] c.h.i.mapper.ItemMapper.selectBatchIds   : <==      Total: 1
23:11:17:307 DEBUG 19060 --- [http-nio-8081-exec-10] c.h.i.mapper.ItemMapper.selectBatchIds   : ==>  Preparing: SELECT id,name,price,stock,image,category,brand,spec,sold,comment_count,isAD,status,create_time,update_time,creater,updater FROM item WHERE id IN ( ? , ? )
23:11:17:307 DEBUG 19060 --- [http-nio-8081-exec-10] c.h.i.mapper.ItemMapper.selectBatchIds   : ==> Parameters: 33200962936(Long), 28756072326(Long)
23:11:17:321 DEBUG 19060 --- [http-nio-8081-exec-10] c.h.i.mapper.ItemMapper.selectBatchIds   : <==      Total: 2
23:11:25:738 DEBUG 19060 --- [http-nio-8081-exec-3] c.h.i.mapper.ItemMapper.selectBatchIds   : ==>  Preparing: SELECT id,name,price,stock,image,category,brand,spec,sold,comment_count,isAD,status,create_time,update_time,creater,updater FROM item WHERE id IN ( ? , ? )
23:11:25:738 DEBUG 19060 --- [http-nio-8081-exec-3] c.h.i.mapper.ItemMapper.selectBatchIds   : ==> Parameters: 33200962936(Long), 28756072326(Long)
23:11:25:741 DEBUG 19060 --- [http-nio-8081-exec-3] c.h.i.mapper.ItemMapper.selectBatchIds   : <==      Total: 2
23:11:25:761  WARN 19060 --- [http-nio-8081-exec-4] c.h.item.service.impl.ItemServiceImpl    : SqlSession [org.apache.ibatis.session.defaults.DefaultSqlSession@70110961] Transaction not enabled
23:11:25:761 DEBUG 19060 --- [http-nio-8081-exec-4] c.h.item.mapper.ItemMapper.updateStock   : ==>  Preparing: UPDATE item SET stock = stock - ? WHERE id = ?
23:11:25:761 DEBUG 19060 --- [http-nio-8081-exec-4] c.h.item.mapper.ItemMapper.updateStock   : ==> Parameters: 1(Integer), 28756072326(Long)
23:11:25:761 DEBUG 19060 --- [http-nio-8081-exec-4] c.h.item.mapper.ItemMapper.updateStock   : ==> Parameters: 1(Integer), 33200962936(Long)
23:11:25:784 DEBUG 19060 --- [http-nio-8081-exec-4] c.h.item.mapper.ItemMapper.selectById    : ==>  Preparing: SELECT id,name,price,stock,image,category,brand,spec,sold,comment_count,isAD,status,create_time,update_time,creater,updater FROM item WHERE id=?
23:11:25:784 DEBUG 19060 --- [http-nio-8081-exec-4] c.h.item.mapper.ItemMapper.selectById    : ==> Parameters: 28756072326(Long)
23:11:25:786 DEBUG 19060 --- [http-nio-8081-exec-4] c.h.item.mapper.ItemMapper.selectById    : <==      Total: 1
23:11:25:991 DEBUG 19060 --- [http-nio-8081-exec-4] c.h.item.mapper.ItemMapper.selectById    : ==>  Preparing: SELECT id,name,price,stock,image,category,brand,spec,sold,comment_count,isAD,status,create_time,update_time,creater,updater FROM item WHERE id=?
23:11:25:991 DEBUG 19060 --- [http-nio-8081-exec-4] c.h.item.mapper.ItemMapper.selectById    : ==> Parameters: 33200962936(Long)
23:11:26:002 DEBUG 19060 --- [http-nio-8081-exec-4] c.h.item.mapper.ItemMapper.selectById    : <==      Total: 1
23:12:36:988  WARN 19060 --- [Thread-4] c.a.nacos.common.notify.NotifyCenter     : [NotifyCenter] Start destroying Publisher
23:12:36:988  WARN 19060 --- [Thread-7] c.a.n.common.http.HttpClientBeanHolder   : [HttpClientBeanHolder] Start destroying common HttpClient
23:12:36:988  WARN 19060 --- [Thread-4] c.a.nacos.common.notify.NotifyCenter     : [NotifyCenter] Destruction of the end
23:12:36:988  WARN 19060 --- [Thread-7] c.a.n.common.http.HttpClientBeanHolder   : [HttpClientBeanHolder] Destruction of the end
23:12:37:028  INFO 19060 --- [SpringApplicationShutdownHook] c.a.c.n.registry.NacosServiceRegistry    : De-registering from Nacos Server now...
23:12:37:034  INFO 19060 --- [SpringApplicationShutdownHook] c.a.c.n.registry.NacosServiceRegistry    : De-registration finished.
23:12:37:374  INFO 19060 --- [SpringApplicationShutdownHook] com.alibaba.nacos.common.remote.client   : Shutdown rpc client, set status to shutdown
23:12:37:374  INFO 19060 --- [SpringApplicationShutdownHook] com.alibaba.nacos.common.remote.client   : Shutdown client event executor java.util.concurrent.ScheduledThreadPoolExecutor@2b5d5e3b[Running, pool size = 2, active threads = 2, queued tasks = 0, completed tasks = 0]
23:12:37:374  INFO 19060 --- [SpringApplicationShutdownHook] com.alibaba.nacos.common.remote.client   : Close current connection 1755787311954_192.168.100.2_59333
23:12:37:374  INFO 19060 --- [nacos-grpc-client-executor-419] c.a.n.c.remote.client.grpc.GrpcClient    : [1755787311954_192.168.100.2_59333]Ignore complete event,isRunning:false,isAbandon=false
23:12:37:382  INFO 19060 --- [SpringApplicationShutdownHook] c.a.n.c.remote.client.grpc.GrpcClient    : Shutdown grpc executor java.util.concurrent.ThreadPoolExecutor@41927b2e[Running, pool size = 5, active threads = 0, queued tasks = 0, completed tasks = 420]
23:12:37:389  INFO 19060 --- [SpringApplicationShutdownHook] com.zaxxer.hikari.HikariDataSource       : HikariPool-1 - Shutdown initiated...
23:12:37:405  INFO 19060 --- [SpringApplicationShutdownHook] com.zaxxer.hikari.HikariDataSource       : HikariPool-1 - Shutdown completed.
