22:41:28:338  INFO 16572 --- [main] com.hmall.user.UserServiceApplication    : Starting UserServiceApplication using Java 17 on zhangkuan with PID 16572 (D:\java\springCloudLearn\newnewnewnewnewnew\hmall\user-service\target\classes started by kuanzhang in D:\java\springCloudLearn\newnewnewnewnewnew\hmall)
22:41:28:344 DEBUG 16572 --- [main] com.hmall.user.UserServiceApplication    : Running with Spring Boot v2.7.12, Spring v5.3.27
22:41:28:345  INFO 16572 --- [main] com.hmall.user.UserServiceApplication    : The following 1 profile is active: "local"
22:41:30:564  INFO 16572 --- [main] o.s.cloud.context.scope.GenericScope     : BeanFactory id=8c6a7f0e-14de-3f06-9e64-b79f269968a3
22:41:31:358  INFO 16572 --- [main] o.s.b.w.embedded.tomcat.TomcatWebServer  : Tomcat initialized with port(s): 8083 (http)
22:41:31:378  INFO 16572 --- [main] o.apache.catalina.core.StandardService   : Starting service [Tomcat]
22:41:31:379  INFO 16572 --- [main] org.apache.catalina.core.StandardEngine  : Starting Servlet engine: [Apache Tomcat/9.0.75]
22:41:31:623  INFO 16572 --- [main] o.a.c.c.C.[Tomcat].[localhost].[/]       : Initializing Spring embedded WebApplicationContext
22:41:31:623  INFO 16572 --- [main] w.s.c.ServletWebServerApplicationContext : Root WebApplicationContext: initialization completed in 3188 ms
22:41:33:954  INFO 16572 --- [main] c.a.c.sentinel.SentinelWebMvcConfigurer  : [Sentinel Starter] register SentinelWebInterceptor with urlPatterns: [/**].
22:41:36:357  INFO 16572 --- [main] o.s.cloud.commons.util.InetUtils         : Cannot determine local hostname
22:41:36:439  INFO 16572 --- [main] pertySourcedRequestMappingHandlerMapping : Mapped URL path [/v2/api-docs] onto method [springfox.documentation.swagger2.web.Swagger2ControllerWebMvc#getDocumentation(String, HttpServletRequest)]
22:41:38:221  INFO 16572 --- [main] o.s.cloud.commons.util.InetUtils         : Cannot determine local hostname
22:41:38:685  INFO 16572 --- [main] com.alibaba.nacos.common.remote.client   : [RpcClientFactory] create a new rpc client of 379b4678-9a43-4b8b-be46-b4af235e48aa
22:41:38:751  INFO 16572 --- [main] org.reflections.Reflections              : Reflections took 33 ms to scan 1 urls, producing 3 keys and 6 values 
22:41:38:793  INFO 16572 --- [main] org.reflections.Reflections              : Reflections took 19 ms to scan 1 urls, producing 4 keys and 9 values 
22:41:38:811  INFO 16572 --- [main] org.reflections.Reflections              : Reflections took 15 ms to scan 1 urls, producing 3 keys and 10 values 
22:41:38:817  WARN 16572 --- [main] org.reflections.Reflections              : given scan urls are empty. set urls in the configuration
22:41:38:836  INFO 16572 --- [main] org.reflections.Reflections              : Reflections took 17 ms to scan 1 urls, producing 1 keys and 5 values 
22:41:38:856  INFO 16572 --- [main] org.reflections.Reflections              : Reflections took 16 ms to scan 1 urls, producing 1 keys and 7 values 
22:41:38:876  INFO 16572 --- [main] org.reflections.Reflections              : Reflections took 15 ms to scan 1 urls, producing 2 keys and 8 values 
22:41:38:880  WARN 16572 --- [main] org.reflections.Reflections              : given scan urls are empty. set urls in the configuration
22:41:38:881  INFO 16572 --- [main] com.alibaba.nacos.common.remote.client   : [379b4678-9a43-4b8b-be46-b4af235e48aa] RpcClient init label, labels = {module=naming, source=sdk}
22:41:38:886  INFO 16572 --- [main] com.alibaba.nacos.common.remote.client   : [379b4678-9a43-4b8b-be46-b4af235e48aa] RpcClient init, ServerListFactory = com.alibaba.nacos.client.naming.core.ServerListManager
22:41:38:886  INFO 16572 --- [main] com.alibaba.nacos.common.remote.client   : [379b4678-9a43-4b8b-be46-b4af235e48aa] Registry connection listener to current client:com.alibaba.nacos.client.naming.remote.gprc.redo.NamingGrpcRedoService
22:41:38:889  INFO 16572 --- [main] com.alibaba.nacos.common.remote.client   : [379b4678-9a43-4b8b-be46-b4af235e48aa] Register server push request handler:com.alibaba.nacos.client.naming.remote.gprc.NamingPushRequestHandler
22:41:38:893  INFO 16572 --- [main] com.alibaba.nacos.common.remote.client   : [379b4678-9a43-4b8b-be46-b4af235e48aa] Try to connect to server on start up, server: {serverIp = '192.168.100.130', server main port = 8848}
22:41:40:909  INFO 16572 --- [main] com.alibaba.nacos.common.remote.client   : [379b4678-9a43-4b8b-be46-b4af235e48aa] Success to connect to server [192.168.100.130:8848] on start up, connectionId = 1755787300797_192.168.100.2_59296
22:41:40:912  INFO 16572 --- [com.alibaba.nacos.client.remote.worker] com.alibaba.nacos.common.remote.client   : [379b4678-9a43-4b8b-be46-b4af235e48aa] Notify connected event to listeners.
22:41:40:914  INFO 16572 --- [main] com.alibaba.nacos.common.remote.client   : [379b4678-9a43-4b8b-be46-b4af235e48aa] Register server push request handler:com.alibaba.nacos.common.remote.client.RpcClient$ConnectResetRequestHandler
22:41:40:915  INFO 16572 --- [main] com.alibaba.nacos.common.remote.client   : [379b4678-9a43-4b8b-be46-b4af235e48aa] Register server push request handler:com.alibaba.nacos.common.remote.client.RpcClient$$Lambda$1052/0x00000008013abb70
22:41:41:032  INFO 16572 --- [main] o.s.b.w.embedded.tomcat.TomcatWebServer  : Tomcat started on port(s): 8083 (http) with context path ''
22:41:41:066  INFO 16572 --- [main] c.a.c.n.registry.NacosServiceRegistry    : nacos registry, DEFAULT_GROUP user-service 192.168.1.7:8083 register finished
22:41:41:510  INFO 16572 --- [nacos-grpc-client-executor-6] com.alibaba.nacos.common.remote.client   : [379b4678-9a43-4b8b-be46-b4af235e48aa] Receive server push request, request = NotifySubscriberRequest, requestId = 2
22:41:41:571  INFO 16572 --- [nacos-grpc-client-executor-6] com.alibaba.nacos.common.remote.client   : [379b4678-9a43-4b8b-be46-b4af235e48aa] Ack server push request, request = NotifySubscriberRequest, requestId = 2
22:41:42:312  INFO 16572 --- [main] o.s.cloud.commons.util.InetUtils         : Cannot determine local hostname
22:41:42:312  INFO 16572 --- [main] d.s.w.p.DocumentationPluginsBootstrapper : Documentation plugins bootstrapped
22:41:42:318  INFO 16572 --- [main] d.s.w.p.DocumentationPluginsBootstrapper : Found 1 custom documentation plugin(s)
22:41:42:347  INFO 16572 --- [main] s.d.s.w.s.ApiListingReferenceScanner     : Scanning for api listing references
22:41:42:515  INFO 16572 --- [main] com.hmall.user.UserServiceApplication    : Started UserServiceApplication in 16.377 seconds (JVM running for 17.557)
22:44:00:243  INFO 16572 --- [http-nio-8083-exec-2] o.a.c.c.C.[Tomcat].[localhost].[/]       : Initializing Spring DispatcherServlet 'dispatcherServlet'
22:44:00:243  INFO 16572 --- [http-nio-8083-exec-2] o.s.web.servlet.DispatcherServlet        : Initializing Servlet 'dispatcherServlet'
22:44:00:244  INFO 16572 --- [http-nio-8083-exec-2] o.s.web.servlet.DispatcherServlet        : Completed initialization in 1 ms
22:44:00:521  WARN 16572 --- [http-nio-8083-exec-2] c.b.m.c.t.support.ReflectLambdaMeta      : Unable to make field private final java.lang.Class java.lang.invoke.SerializedLambda.capturingClass accessible: module java.base does not "opens java.lang.invoke" to unnamed module @6a6cb05c
22:44:00:539  INFO 16572 --- [http-nio-8083-exec-2] com.zaxxer.hikari.HikariDataSource       : HikariPool-1 - Starting...
22:44:01:022  INFO 16572 --- [http-nio-8083-exec-2] com.zaxxer.hikari.HikariDataSource       : HikariPool-1 - Start completed.
22:44:01:028 DEBUG 16572 --- [http-nio-8083-exec-2] c.h.user.mapper.UserMapper.selectList    : ==>  Preparing: SELECT id,username,password,phone,create_time,update_time,status,balance FROM user WHERE (username = ?)
22:44:01:045 DEBUG 16572 --- [http-nio-8083-exec-2] c.h.user.mapper.UserMapper.selectList    : ==> Parameters: Jack(String)
22:44:01:088 DEBUG 16572 --- [http-nio-8083-exec-2] c.h.user.mapper.UserMapper.selectList    : <==      Total: 1
22:44:15:825 DEBUG 16572 --- [http-nio-8083-exec-3] c.h.u.mapper.AddressMapper.selectList    : ==>  Preparing: SELECT id,user_id,province,city,town,mobile,street,contact,is_default,notes FROM address WHERE (user_id = ?)
22:44:15:826 DEBUG 16572 --- [http-nio-8083-exec-3] c.h.u.mapper.AddressMapper.selectList    : ==> Parameters: 1(Long)
22:44:15:835 DEBUG 16572 --- [http-nio-8083-exec-3] c.h.u.mapper.AddressMapper.selectList    : <==      Total: 4
22:44:37:109  INFO 16572 --- [http-nio-8083-exec-1] c.h.user.service.impl.UserServiceImpl    : 开始扣款
22:44:37:110 DEBUG 16572 --- [http-nio-8083-exec-1] c.h.user.mapper.UserMapper.selectById    : ==>  Preparing: SELECT id,username,password,phone,create_time,update_time,status,balance FROM user WHERE id=?
22:44:37:111 DEBUG 16572 --- [http-nio-8083-exec-1] c.h.user.mapper.UserMapper.selectById    : ==> Parameters: 1(Long)
22:44:37:112 DEBUG 16572 --- [http-nio-8083-exec-1] c.h.user.mapper.UserMapper.selectById    : <==      Total: 1
22:44:37:186 DEBUG 16572 --- [http-nio-8083-exec-1] c.h.user.mapper.UserMapper.updateMoney   : ==>  Preparing: update user set balance = balance - 0 where id = ?
22:44:37:187 DEBUG 16572 --- [http-nio-8083-exec-1] c.h.user.mapper.UserMapper.updateMoney   : ==> Parameters: 1(Long)
22:44:37:208 DEBUG 16572 --- [http-nio-8083-exec-1] c.h.user.mapper.UserMapper.updateMoney   : <==    Updates: 1
22:44:37:208  INFO 16572 --- [http-nio-8083-exec-1] c.h.user.service.impl.UserServiceImpl    : 扣款成功
22:53:07:649 DEBUG 16572 --- [http-nio-8083-exec-8] c.h.u.mapper.AddressMapper.selectList    : ==>  Preparing: SELECT id,user_id,province,city,town,mobile,street,contact,is_default,notes FROM address WHERE (user_id = ?)
22:53:07:650 DEBUG 16572 --- [http-nio-8083-exec-8] c.h.u.mapper.AddressMapper.selectList    : ==> Parameters: 1(Long)
22:53:07:683 DEBUG 16572 --- [http-nio-8083-exec-8] c.h.u.mapper.AddressMapper.selectList    : <==      Total: 4
22:55:10:577 DEBUG 16572 --- [http-nio-8083-exec-6] c.h.u.mapper.AddressMapper.selectList    : ==>  Preparing: SELECT id,user_id,province,city,town,mobile,street,contact,is_default,notes FROM address WHERE (user_id = ?)
22:55:10:577 DEBUG 16572 --- [http-nio-8083-exec-6] c.h.u.mapper.AddressMapper.selectList    : ==> Parameters: 1(Long)
22:55:10:601 DEBUG 16572 --- [http-nio-8083-exec-6] c.h.u.mapper.AddressMapper.selectList    : <==      Total: 4
23:01:53:911 DEBUG 16572 --- [http-nio-8083-exec-10] c.h.u.mapper.AddressMapper.selectList    : ==>  Preparing: SELECT id,user_id,province,city,town,mobile,street,contact,is_default,notes FROM address WHERE (user_id = ?)
23:01:53:912 DEBUG 16572 --- [http-nio-8083-exec-10] c.h.u.mapper.AddressMapper.selectList    : ==> Parameters: 1(Long)
23:01:53:916 DEBUG 16572 --- [http-nio-8083-exec-10] c.h.u.mapper.AddressMapper.selectList    : <==      Total: 4
23:08:53:380 DEBUG 16572 --- [http-nio-8083-exec-3] c.h.u.mapper.AddressMapper.selectList    : ==>  Preparing: SELECT id,user_id,province,city,town,mobile,street,contact,is_default,notes FROM address WHERE (user_id = ?)
23:08:53:381 DEBUG 16572 --- [http-nio-8083-exec-3] c.h.u.mapper.AddressMapper.selectList    : ==> Parameters: 1(Long)
23:08:53:383 DEBUG 16572 --- [http-nio-8083-exec-3] c.h.u.mapper.AddressMapper.selectList    : <==      Total: 4
23:09:00:202  INFO 16572 --- [http-nio-8083-exec-1] c.h.user.service.impl.UserServiceImpl    : 开始扣款
23:09:00:204 DEBUG 16572 --- [http-nio-8083-exec-1] c.h.user.mapper.UserMapper.selectById    : ==>  Preparing: SELECT id,username,password,phone,create_time,update_time,status,balance FROM user WHERE id=?
23:09:00:205 DEBUG 16572 --- [http-nio-8083-exec-1] c.h.user.mapper.UserMapper.selectById    : ==> Parameters: 1(Long)
23:09:00:206 DEBUG 16572 --- [http-nio-8083-exec-1] c.h.user.mapper.UserMapper.selectById    : <==      Total: 1
23:09:00:280 DEBUG 16572 --- [http-nio-8083-exec-1] c.h.user.mapper.UserMapper.updateMoney   : ==>  Preparing: update user set balance = balance - 1500 where id = ?
23:09:00:281 DEBUG 16572 --- [http-nio-8083-exec-1] c.h.user.mapper.UserMapper.updateMoney   : ==> Parameters: 1(Long)
23:09:00:285 DEBUG 16572 --- [http-nio-8083-exec-1] c.h.user.mapper.UserMapper.updateMoney   : <==    Updates: 1
23:09:00:285  INFO 16572 --- [http-nio-8083-exec-1] c.h.user.service.impl.UserServiceImpl    : 扣款成功
23:11:23:352 DEBUG 16572 --- [http-nio-8083-exec-8] c.h.u.mapper.AddressMapper.selectList    : ==>  Preparing: SELECT id,user_id,province,city,town,mobile,street,contact,is_default,notes FROM address WHERE (user_id = ?)
23:11:23:352 DEBUG 16572 --- [http-nio-8083-exec-8] c.h.u.mapper.AddressMapper.selectList    : ==> Parameters: 1(Long)
23:11:23:355 DEBUG 16572 --- [http-nio-8083-exec-8] c.h.u.mapper.AddressMapper.selectList    : <==      Total: 4
23:11:29:773  INFO 16572 --- [http-nio-8083-exec-4] c.h.user.service.impl.UserServiceImpl    : 开始扣款
23:11:29:774 DEBUG 16572 --- [http-nio-8083-exec-4] c.h.user.mapper.UserMapper.selectById    : ==>  Preparing: SELECT id,username,password,phone,create_time,update_time,status,balance FROM user WHERE id=?
23:11:29:774 DEBUG 16572 --- [http-nio-8083-exec-4] c.h.user.mapper.UserMapper.selectById    : ==> Parameters: 1(Long)
23:11:29:776 DEBUG 16572 --- [http-nio-8083-exec-4] c.h.user.mapper.UserMapper.selectById    : <==      Total: 1
23:11:29:851 DEBUG 16572 --- [http-nio-8083-exec-4] c.h.user.mapper.UserMapper.updateMoney   : ==>  Preparing: update user set balance = balance - 700 where id = ?
23:11:29:851 DEBUG 16572 --- [http-nio-8083-exec-4] c.h.user.mapper.UserMapper.updateMoney   : ==> Parameters: 1(Long)
23:11:29:856 DEBUG 16572 --- [http-nio-8083-exec-4] c.h.user.mapper.UserMapper.updateMoney   : <==    Updates: 1
23:11:29:856  INFO 16572 --- [http-nio-8083-exec-4] c.h.user.service.impl.UserServiceImpl    : 扣款成功
23:12:36:762  WARN 16572 --- [Thread-4] c.a.nacos.common.notify.NotifyCenter     : [NotifyCenter] Start destroying Publisher
23:12:36:762  WARN 16572 --- [Thread-7] c.a.n.common.http.HttpClientBeanHolder   : [HttpClientBeanHolder] Start destroying common HttpClient
23:12:36:762  WARN 16572 --- [Thread-4] c.a.nacos.common.notify.NotifyCenter     : [NotifyCenter] Destruction of the end
23:12:36:762  WARN 16572 --- [Thread-7] c.a.n.common.http.HttpClientBeanHolder   : [HttpClientBeanHolder] Destruction of the end
23:12:36:820  INFO 16572 --- [SpringApplicationShutdownHook] c.a.c.n.registry.NacosServiceRegistry    : De-registering from Nacos Server now...
23:12:36:838  INFO 16572 --- [SpringApplicationShutdownHook] c.a.c.n.registry.NacosServiceRegistry    : De-registration finished.
23:12:37:168  INFO 16572 --- [SpringApplicationShutdownHook] com.alibaba.nacos.common.remote.client   : Shutdown rpc client, set status to shutdown
23:12:37:168  INFO 16572 --- [SpringApplicationShutdownHook] com.alibaba.nacos.common.remote.client   : Shutdown client event executor java.util.concurrent.ScheduledThreadPoolExecutor@6cf4265b[Running, pool size = 2, active threads = 2, queued tasks = 0, completed tasks = 0]
23:12:37:168  INFO 16572 --- [SpringApplicationShutdownHook] com.alibaba.nacos.common.remote.client   : Close current connection 1755787300797_192.168.100.2_59296
23:12:37:168  INFO 16572 --- [nacos-grpc-client-executor-416] c.a.n.c.remote.client.grpc.GrpcClient    : [1755787300797_192.168.100.2_59296]Ignore complete event,isRunning:false,isAbandon=false
23:12:37:172  INFO 16572 --- [SpringApplicationShutdownHook] c.a.n.c.remote.client.grpc.GrpcClient    : Shutdown grpc executor java.util.concurrent.ThreadPoolExecutor@2c6be825[Running, pool size = 5, active threads = 0, queued tasks = 0, completed tasks = 417]
23:12:37:180  INFO 16572 --- [SpringApplicationShutdownHook] com.zaxxer.hikari.HikariDataSource       : HikariPool-1 - Shutdown initiated...
23:12:37:199  INFO 16572 --- [SpringApplicationShutdownHook] com.zaxxer.hikari.HikariDataSource       : HikariPool-1 - Shutdown completed.
